# JRE version: OpenJDK Runtime Environment (17.0.6) (build 17.0.6+0-b2043.56-9586694)
# Java VM: OpenJDK 64-Bit Server VM (17.0.6+0-b2043.56-9586694, mixed mode, tiered, compressed oops, compressed class ptrs, g1 gc, windows-amd64)
GC Precious Log:
 CPUs: 12 total, 12 available
 Memory: 16221M
 Large Page Support: Disabled
 NUMA Support: Disabled
 Compressed Oops: Enabled (32-bit)
 Heap Region Size: 1M
 Heap Min Capacity: 8M
 Heap Initial Capacity: 254M
 Heap Max Capacity: 2G
 Pre-touch: Disabled
 Parallel Workers: 10
 Concurrent Workers: 3
 Concurrent Refinement Workers: 10
 Periodic GC: Disabled
Heap:
 garbage-first heap   total 356352K, used 206525K [0x0000000080000000, 0x0000000100000000)
  region size 1024K, 12 young (12288K), 12 survivors (12288K)
 Metaspace       used 113929K, committed 114688K, reserved 1155072K
  class space    used 16282K, committed 16640K, reserved 1048576K
GC Heap History (20 events):
Event: 9.018 GC heap after
{Heap after GC invocations=37 (full 0):
 garbage-first heap   total 153600K, used 90050K [0x0000000080000000, 0x0000000100000000)
  region size 1024K, 5 young (5120K), 5 survivors (5120K)
 Metaspace       used 91613K, committed 92224K, reserved 1130496K
  class space    used 12506K, committed 12800K, reserved 1048576K
}
Event: 9.029 GC heap before
{Heap before GC invocations=37 (full 0):
 garbage-first heap   total 153600K, used 92098K [0x0000000080000000, 0x0000000100000000)
  region size 1024K, 7 young (7168K), 5 survivors (5120K)
 Metaspace       used 91613K, committed 92224K, reserved 1130496K
  class space    used 12506K, committed 12800K, reserved 1048576K
}
Event: 9.032 GC heap after
{Heap after GC invocations=38 (full 0):
 garbage-first heap   total 153600K, used 90621K [0x0000000080000000, 0x0000000100000000)
  region size 1024K, 1 young (1024K), 1 survivors (1024K)
 Metaspace       used 91613K, committed 92224K, reserved 1130496K
  class space    used 12506K, committed 12800K, reserved 1048576K
}
Event: 9.452 GC heap before
{Heap before GC invocations=38 (full 0):
 garbage-first heap   total 153600K, used 125437K [0x0000000080000000, 0x0000000100000000)
  region size 1024K, 35 young (35840K), 1 survivors (1024K)
 Metaspace       used 93675K, committed 94336K, reserved 1130496K
  class space    used 12868K, committed 13184K, reserved 1048576K
}
Event: 9.456 GC heap after
{Heap after GC invocations=39 (full 0):
 garbage-first heap   total 153600K, used 94500K [0x0000000080000000, 0x0000000100000000)
  region size 1024K, 5 young (5120K), 5 survivors (5120K)
 Metaspace       used 93675K, committed 94336K, reserved 1130496K
  class space    used 12868K, committed 13184K, reserved 1048576K
}
Event: 9.598 GC heap before
{Heap before GC invocations=40 (full 0):
 garbage-first heap   total 178176K, used 125220K [0x0000000080000000, 0x0000000100000000)
  region size 1024K, 36 young (36864K), 5 survivors (5120K)
 Metaspace       used 94431K, committed 95104K, reserved 1138688K
  class space    used 13070K, committed 13376K, reserved 1048576K
}
Event: 9.603 GC heap after
{Heap after GC invocations=41 (full 0):
 garbage-first heap   total 178176K, used 98355K [0x0000000080000000, 0x0000000100000000)
  region size 1024K, 4 young (4096K), 4 survivors (4096K)
 Metaspace       used 94431K, committed 95104K, reserved 1138688K
  class space    used 13070K, committed 13376K, reserved 1048576K
}
Event: 9.615 GC heap before
{Heap before GC invocations=41 (full 0):
 garbage-first heap   total 178176K, used 101427K [0x0000000080000000, 0x0000000100000000)
  region size 1024K, 8 young (8192K), 4 survivors (4096K)
 Metaspace       used 94453K, committed 95104K, reserved 1138688K
  class space    used 13070K, committed 13376K, reserved 1048576K
}
Event: 9.619 GC heap after
{Heap after GC invocations=42 (full 0):
 garbage-first heap   total 356352K, used 98599K [0x0000000080000000, 0x0000000100000000)
  region size 1024K, 1 young (1024K), 1 survivors (1024K)
 Metaspace       used 94453K, committed 95104K, reserved 1138688K
  class space    used 13070K, committed 13376K, reserved 1048576K
}
Event: 10.465 GC heap before
{Heap before GC invocations=42 (full 0):
 garbage-first heap   total 356352K, used 266535K [0x0000000080000000, 0x0000000100000000)
  region size 1024K, 166 young (169984K), 1 survivors (1024K)
 Metaspace       used 97790K, committed 98496K, reserved 1138688K
  class space    used 13427K, committed 13760K, reserved 1048576K
}
Event: 10.474 GC heap after
{Heap after GC invocations=43 (full 0):
 garbage-first heap   total 356352K, used 111164K [0x0000000080000000, 0x0000000100000000)
  region size 1024K, 14 young (14336K), 14 survivors (14336K)
 Metaspace       used 97790K, committed 98496K, reserved 1138688K
  class space    used 13427K, committed 13760K, reserved 1048576K
}
Event: 10.918 GC heap before
{Heap before GC invocations=43 (full 0):
 garbage-first heap   total 356352K, used 266812K [0x0000000080000000, 0x0000000100000000)
  region size 1024K, 167 young (171008K), 14 survivors (14336K)
 Metaspace       used 103600K, committed 104384K, reserved 1138688K
  class space    used 14342K, committed 14720K, reserved 1048576K
}
Event: 10.928 GC heap after
{Heap after GC invocations=44 (full 0):
 garbage-first heap   total 356352K, used 130247K [0x0000000080000000, 0x0000000100000000)
  region size 1024K, 20 young (20480K), 20 survivors (20480K)
 Metaspace       used 103600K, committed 104384K, reserved 1138688K
  class space    used 14342K, committed 14720K, reserved 1048576K
}
Event: 11.227 GC heap before
{Heap before GC invocations=44 (full 0):
 garbage-first heap   total 356352K, used 269511K [0x0000000080000000, 0x0000000100000000)
  region size 1024K, 157 young (160768K), 20 survivors (20480K)
 Metaspace       used 107576K, committed 108352K, reserved 1146880K
  class space    used 14970K, committed 15360K, reserved 1048576K
}
Event: 11.246 GC heap after
{Heap after GC invocations=45 (full 0):
 garbage-first heap   total 356352K, used 155179K [0x0000000080000000, 0x0000000100000000)
  region size 1024K, 20 young (20480K), 20 survivors (20480K)
 Metaspace       used 107576K, committed 108352K, reserved 1146880K
  class space    used 14970K, committed 15360K, reserved 1048576K
}
Event: 11.432 GC heap before
{Heap before GC invocations=45 (full 0):
 garbage-first heap   total 356352K, used 272939K [0x0000000080000000, 0x0000000100000000)
  region size 1024K, 135 young (138240K), 20 survivors (20480K)
 Metaspace       used 109908K, committed 110656K, reserved 1146880K
  class space    used 15486K, committed 15872K, reserved 1048576K
}
Event: 11.454 GC heap after
{Heap after GC invocations=46 (full 0):
 garbage-first heap   total 356352K, used 176128K [0x0000000080000000, 0x0000000100000000)
  region size 1024K, 17 young (17408K), 17 survivors (17408K)
 Metaspace       used 109908K, committed 110656K, reserved 1146880K
  class space    used 15486K, committed 15872K, reserved 1048576K
}
Event: 11.550 GC heap before
{Heap before GC invocations=46 (full 0):
 garbage-first heap   total 356352K, used 279552K [0x0000000080000000, 0x0000000100000000)
  region size 1024K, 119 young (121856K), 17 survivors (17408K)
 Metaspace       used 111462K, committed 112256K, reserved 1146880K
  class space    used 15795K, committed 16128K, reserved 1048576K
}
Event: 11.569 GC heap after
{Heap after GC invocations=47 (full 0):
 garbage-first heap   total 356352K, used 193961K [0x0000000080000000, 0x0000000100000000)
  region size 1024K, 15 young (15360K), 15 survivors (15360K)
 Metaspace       used 111462K, committed 112256K, reserved 1146880K
  class space    used 15795K, committed 16128K, reserved 1048576K
}
Event: 11.755 GC heap before
{Heap before GC invocations=47 (full 0):
 garbage-first heap   total 356352K, used 285097K [0x0000000080000000, 0x0000000100000000)
  region size 1024K, 104 young (106496K), 15 survivors (15360K)
 Metaspace       used 113929K, committed 114688K, reserved 1155072K
  class space    used 16282K, committed 16640K, reserved 1048576K
}

