# JRE version: OpenJDK Runtime Environment (17.0.6) (build 17.0.6+0-b2043.56-9586694)
# Java VM: OpenJDK 64-Bit Server VM (17.0.6+0-b2043.56-9586694, mixed mode, tiered, compressed oops, compressed class ptrs, g1 gc, windows-amd64)
GC Precious Log:
 CPUs: 12 total, 12 available
 Memory: 16221M
 Large Page Support: Disabled
 NUMA Support: Disabled
 Compressed Oops: Enabled (32-bit)
 Heap Region Size: 1M
 Heap Min Capacity: 8M
 Heap Initial Capacity: 254M
 Heap Max Capacity: 2G
 Pre-touch: Disabled
 Parallel Workers: 10
 Concurrent Workers: 3
 Concurrent Refinement Workers: 10
 Periodic GC: Disabled
Heap:
 garbage-first heap   total 260096K, used 169640K [0x0000000080000000, 0x0000000100000000)
  region size 1024K, 13 young (13312K), 10 survivors (10240K)
 Metaspace       used 91338K, committed 92032K, reserved 1130496K
  class space    used 12532K, committed 12864K, reserved 1048576K
GC Heap History (20 events):
Event: 5.506 GC heap before
{Heap before GC invocations=32 (full 0):
 garbage-first heap   total 191488K, used 117260K [0x0000000080000000, 0x0000000100000000)
  region size 1024K, 9 young (9216K), 1 survivors (1024K)
 Metaspace       used 55313K, committed 55936K, reserved 1097728K
  class space    used 7407K, committed 7680K, reserved 1048576K
}
Event: 5.508 GC heap after
{Heap after GC invocations=33 (full 0):
 garbage-first heap   total 191488K, used 113642K [0x0000000080000000, 0x0000000100000000)
  region size 1024K, 5 young (5120K), 5 survivors (5120K)
 Metaspace       used 55313K, committed 55936K, reserved 1097728K
  class space    used 7407K, committed 7680K, reserved 1048576K
}
Event: 5.802 GC heap before
{Heap before GC invocations=34 (full 0):
 garbage-first heap   total 206848K, used 144362K [0x0000000080000000, 0x0000000100000000)
  region size 1024K, 31 young (31744K), 5 survivors (5120K)
 Metaspace       used 58402K, committed 59008K, reserved 1105920K
  class space    used 7828K, committed 8128K, reserved 1048576K
}
Event: 5.805 GC heap after
{Heap after GC invocations=35 (full 0):
 garbage-first heap   total 206848K, used 121412K [0x0000000080000000, 0x0000000100000000)
  region size 1024K, 4 young (4096K), 4 survivors (4096K)
 Metaspace       used 58402K, committed 59008K, reserved 1105920K
  class space    used 7828K, committed 8128K, reserved 1048576K
}
Event: 6.177 GC heap before
{Heap before GC invocations=35 (full 0):
 garbage-first heap   total 206848K, used 152132K [0x0000000080000000, 0x0000000100000000)
  region size 1024K, 34 young (34816K), 4 survivors (4096K)
 Metaspace       used 63610K, committed 64256K, reserved 1105920K
  class space    used 8526K, committed 8832K, reserved 1048576K
}
Event: 6.180 GC heap after
{Heap after GC invocations=36 (full 0):
 garbage-first heap   total 206848K, used 122579K [0x0000000080000000, 0x0000000100000000)
  region size 1024K, 2 young (2048K), 2 survivors (2048K)
 Metaspace       used 63610K, committed 64256K, reserved 1105920K
  class space    used 8526K, committed 8832K, reserved 1048576K
}
Event: 6.542 GC heap before
{Heap before GC invocations=37 (full 0):
 garbage-first heap   total 211968K, used 161491K [0x0000000080000000, 0x0000000100000000)
  region size 1024K, 34 young (34816K), 2 survivors (2048K)
 Metaspace       used 66994K, committed 67648K, reserved 1114112K
  class space    used 8940K, committed 9216K, reserved 1048576K
}
Event: 6.545 GC heap after
{Heap after GC invocations=38 (full 0):
 garbage-first heap   total 211968K, used 126175K [0x0000000080000000, 0x0000000100000000)
  region size 1024K, 5 young (5120K), 5 survivors (5120K)
 Metaspace       used 66994K, committed 67648K, reserved 1114112K
  class space    used 8940K, committed 9216K, reserved 1048576K
}
Event: 6.593 GC heap before
{Heap before GC invocations=38 (full 0):
 garbage-first heap   total 211968K, used 131295K [0x0000000080000000, 0x0000000100000000)
  region size 1024K, 10 young (10240K), 5 survivors (5120K)
 Metaspace       used 67434K, committed 68032K, reserved 1114112K
  class space    used 8998K, committed 9280K, reserved 1048576K
}
Event: 6.595 GC heap after
{Heap after GC invocations=39 (full 0):
 garbage-first heap   total 254976K, used 126962K [0x0000000080000000, 0x0000000100000000)
  region size 1024K, 1 young (1024K), 1 survivors (1024K)
 Metaspace       used 67434K, committed 68032K, reserved 1114112K
  class space    used 8998K, committed 9280K, reserved 1048576K
}
Event: 6.823 GC heap before
{Heap before GC invocations=39 (full 0):
 garbage-first heap   total 254976K, used 148466K [0x0000000080000000, 0x0000000100000000)
  region size 1024K, 23 young (23552K), 1 survivors (1024K)
 Metaspace       used 69342K, committed 69952K, reserved 1114112K
  class space    used 9223K, committed 9472K, reserved 1048576K
}
Event: 6.825 GC heap after
{Heap after GC invocations=40 (full 0):
 garbage-first heap   total 254976K, used 128338K [0x0000000080000000, 0x0000000100000000)
  region size 1024K, 3 young (3072K), 3 survivors (3072K)
 Metaspace       used 69342K, committed 69952K, reserved 1114112K
  class space    used 9223K, committed 9472K, reserved 1048576K
}
Event: 7.425 GC heap before
{Heap before GC invocations=41 (full 0):
 garbage-first heap   total 254976K, used 189778K [0x0000000080000000, 0x0000000100000000)
  region size 1024K, 62 young (63488K), 3 survivors (3072K)
 Metaspace       used 76566K, committed 77184K, reserved 1122304K
  class space    used 10256K, committed 10496K, reserved 1048576K
}
Event: 7.429 GC heap after
{Heap after GC invocations=42 (full 0):
 garbage-first heap   total 254976K, used 131512K [0x0000000080000000, 0x0000000100000000)
  region size 1024K, 6 young (6144K), 6 survivors (6144K)
 Metaspace       used 76566K, committed 77184K, reserved 1122304K
  class space    used 10256K, committed 10496K, reserved 1048576K
}
Event: 8.097 GC heap before
{Heap before GC invocations=42 (full 0):
 garbage-first heap   total 254976K, used 202168K [0x0000000080000000, 0x0000000100000000)
  region size 1024K, 75 young (76800K), 6 survivors (6144K)
 Metaspace       used 82558K, committed 83200K, reserved 1122304K
  class space    used 11115K, committed 11392K, reserved 1048576K
}
Event: 8.102 GC heap after
{Heap after GC invocations=43 (full 0):
 garbage-first heap   total 254976K, used 136370K [0x0000000080000000, 0x0000000100000000)
  region size 1024K, 10 young (10240K), 10 survivors (10240K)
 Metaspace       used 82558K, committed 83200K, reserved 1122304K
  class space    used 11115K, committed 11392K, reserved 1048576K
}
Event: 8.715 GC heap before
{Heap before GC invocations=44 (full 0):
 garbage-first heap   total 254976K, used 204978K [0x0000000080000000, 0x0000000100000000)
  region size 1024K, 77 young (78848K), 10 survivors (10240K)
 Metaspace       used 87983K, committed 88704K, reserved 1130496K
  class space    used 12070K, committed 12416K, reserved 1048576K
}
Event: 8.722 GC heap after
{Heap after GC invocations=45 (full 0):
 garbage-first heap   total 254976K, used 141447K [0x0000000080000000, 0x0000000100000000)
  region size 1024K, 10 young (10240K), 10 survivors (10240K)
 Metaspace       used 87983K, committed 88704K, reserved 1130496K
  class space    used 12070K, committed 12416K, reserved 1048576K
}
Event: 9.114 GC heap before
{Heap before GC invocations=45 (full 0):
 garbage-first heap   total 254976K, used 174215K [0x0000000080000000, 0x0000000100000000)
  region size 1024K, 43 young (44032K), 10 survivors (10240K)
 Metaspace       used 91336K, committed 92032K, reserved 1130496K
  class space    used 12532K, committed 12864K, reserved 1048576K
}
Event: 9.120 GC heap after
{Heap after GC invocations=46 (full 0):
 garbage-first heap   total 254976K, used 146088K [0x0000000080000000, 0x0000000100000000)
  region size 1024K, 10 young (10240K), 10 survivors (10240K)
 Metaspace       used 91336K, committed 92032K, reserved 1130496K
  class space    used 12532K, committed 12864K, reserved 1048576K
}

