# JRE version: OpenJDK Runtime Environment (17.0.6) (build 17.0.6+0-b2043.56-10027231)
# Java VM: OpenJDK 64-Bit Server VM (17.0.6+0-b2043.56-10027231, mixed mode, tiered, compressed oops, compressed class ptrs, g1 gc, windows-amd64)
GC Precious Log:
 CPUs: 12 total, 12 available
 Memory: 16221M
 Large Page Support: Disabled
 NUMA Support: Disabled
 Compressed Oops: Enabled (Zero based)
 Heap Region Size: 2M
 Heap Min Capacity: 8M
 Heap Initial Capacity: 254M
 Heap Max Capacity: 4056M
 Pre-touch: Disabled
 Parallel Workers: 10
 Concurrent Workers: 3
 Concurrent Refinement Workers: 10
 Periodic GC: Disabled
Heap:
 garbage-first heap   total 260096K, used 110461K [0x0000000702800000, 0x0000000800000000)
  region size 2048K, 1 young (2048K), 1 survivors (2048K)
 Metaspace       used 82284K, committed 82624K, reserved 1130496K
  class space    used 8745K, committed 8896K, reserved 1048576K
GC Heap History (20 events):
Event: 9.096 GC heap after
{Heap after GC invocations=24 (full 0):
 garbage-first heap   total 186368K, used 77354K [0x0000000702800000, 0x0000000800000000)
  region size 2048K, 4 young (8192K), 4 survivors (8192K)
 Metaspace       used 61990K, committed 62272K, reserved 1105920K
  class space    used 6915K, committed 7040K, reserved 1048576K
}
Event: 10.861 GC heap before
{Heap before GC invocations=24 (full 0):
 garbage-first heap   total 186368K, used 146986K [0x0000000702800000, 0x0000000800000000)
  region size 2048K, 38 young (77824K), 4 survivors (8192K)
 Metaspace       used 62927K, committed 63168K, reserved 1105920K
  class space    used 6991K, committed 7104K, reserved 1048576K
}
Event: 10.875 GC heap after
{Heap after GC invocations=25 (full 0):
 garbage-first heap   total 186368K, used 83925K [0x0000000702800000, 0x0000000800000000)
  region size 2048K, 4 young (8192K), 4 survivors (8192K)
 Metaspace       used 62927K, committed 63168K, reserved 1105920K
  class space    used 6991K, committed 7104K, reserved 1048576K
}
Event: 12.220 GC heap before
{Heap before GC invocations=25 (full 0):
 garbage-first heap   total 186368K, used 147413K [0x0000000702800000, 0x0000000800000000)
  region size 2048K, 35 young (71680K), 4 survivors (8192K)
 Metaspace       used 63186K, committed 63424K, reserved 1105920K
  class space    used 6999K, committed 7104K, reserved 1048576K
}
Event: 12.231 GC heap after
{Heap after GC invocations=26 (full 0):
 garbage-first heap   total 186368K, used 89302K [0x0000000702800000, 0x0000000800000000)
  region size 2048K, 3 young (6144K), 3 survivors (6144K)
 Metaspace       used 63186K, committed 63424K, reserved 1105920K
  class space    used 6999K, committed 7104K, reserved 1048576K
}
Event: 13.656 GC heap before
{Heap before GC invocations=26 (full 0):
 garbage-first heap   total 186368K, used 148694K [0x0000000702800000, 0x0000000800000000)
  region size 2048K, 32 young (65536K), 3 survivors (6144K)
 Metaspace       used 67920K, committed 68160K, reserved 1114112K
  class space    used 7420K, committed 7552K, reserved 1048576K
}
Event: 13.664 GC heap after
{Heap after GC invocations=27 (full 0):
 garbage-first heap   total 186368K, used 92177K [0x0000000702800000, 0x0000000800000000)
  region size 2048K, 2 young (4096K), 2 survivors (4096K)
 Metaspace       used 67920K, committed 68160K, reserved 1114112K
  class space    used 7420K, committed 7552K, reserved 1048576K
}
Event: 14.966 GC heap before
{Heap before GC invocations=28 (full 0):
 garbage-first heap   total 186368K, used 149521K [0x0000000702800000, 0x0000000800000000)
  region size 2048K, 30 young (61440K), 2 survivors (4096K)
 Metaspace       used 70526K, committed 70848K, reserved 1114112K
  class space    used 7668K, committed 7872K, reserved 1048576K
}
Event: 14.981 GC heap after
{Heap after GC invocations=29 (full 0):
 garbage-first heap   total 186368K, used 100610K [0x0000000702800000, 0x0000000800000000)
  region size 2048K, 4 young (8192K), 4 survivors (8192K)
 Metaspace       used 70526K, committed 70848K, reserved 1114112K
  class space    used 7668K, committed 7872K, reserved 1048576K
}
Event: 15.012 GC heap before
{Heap before GC invocations=29 (full 0):
 garbage-first heap   total 186368K, used 102658K [0x0000000702800000, 0x0000000800000000)
  region size 2048K, 5 young (10240K), 4 survivors (8192K)
 Metaspace       used 70534K, committed 70848K, reserved 1114112K
  class space    used 7668K, committed 7872K, reserved 1048576K
}
Event: 15.028 GC heap after
{Heap after GC invocations=30 (full 0):
 garbage-first heap   total 225280K, used 101230K [0x0000000702800000, 0x0000000800000000)
  region size 2048K, 1 young (2048K), 1 survivors (2048K)
 Metaspace       used 70534K, committed 70848K, reserved 1114112K
  class space    used 7668K, committed 7872K, reserved 1048576K
}
Event: 16.237 GC heap before
{Heap before GC invocations=30 (full 0):
 garbage-first heap   total 225280K, used 179054K [0x0000000702800000, 0x0000000800000000)
  region size 2048K, 39 young (79872K), 1 survivors (2048K)
 Metaspace       used 75994K, committed 76288K, reserved 1122304K
  class space    used 8215K, committed 8384K, reserved 1048576K
}
Event: 16.250 GC heap after
{Heap after GC invocations=31 (full 0):
 garbage-first heap   total 225280K, used 109901K [0x0000000702800000, 0x0000000800000000)
  region size 2048K, 5 young (10240K), 5 survivors (10240K)
 Metaspace       used 75994K, committed 76288K, reserved 1122304K
  class space    used 8215K, committed 8384K, reserved 1048576K
}
Event: 16.983 GC heap before
{Heap before GC invocations=31 (full 0):
 garbage-first heap   total 225280K, used 179533K [0x0000000702800000, 0x0000000800000000)
  region size 2048K, 39 young (79872K), 5 survivors (10240K)
 Metaspace       used 80408K, committed 80768K, reserved 1122304K
  class space    used 8632K, committed 8832K, reserved 1048576K
}
Event: 16.994 GC heap after
{Heap after GC invocations=32 (full 0):
 garbage-first heap   total 225280K, used 115891K [0x0000000702800000, 0x0000000800000000)
  region size 2048K, 3 young (6144K), 3 survivors (6144K)
 Metaspace       used 80408K, committed 80768K, reserved 1122304K
  class space    used 8632K, committed 8832K, reserved 1048576K
}
Event: 17.451 GC heap before
{Heap before GC invocations=32 (full 0):
 garbage-first heap   total 225280K, used 181427K [0x0000000702800000, 0x0000000800000000)
  region size 2048K, 35 young (71680K), 3 survivors (6144K)
 Metaspace       used 81399K, committed 81792K, reserved 1122304K
  class space    used 8695K, committed 8896K, reserved 1048576K
}
Event: 17.458 GC heap after
{Heap after GC invocations=33 (full 0):
 garbage-first heap   total 225280K, used 117349K [0x0000000702800000, 0x0000000800000000)
  region size 2048K, 1 young (2048K), 1 survivors (2048K)
 Metaspace       used 81399K, committed 81792K, reserved 1122304K
  class space    used 8695K, committed 8896K, reserved 1048576K
}
Event: 18.002 GC heap before
{Heap before GC invocations=34 (full 0):
 garbage-first heap   total 225280K, used 182885K [0x0000000702800000, 0x0000000800000000)
  region size 2048K, 34 young (69632K), 1 survivors (2048K)
 Metaspace       used 82277K, committed 82624K, reserved 1130496K
  class space    used 8745K, committed 8896K, reserved 1048576K
}
Event: 18.009 GC heap after
{Heap after GC invocations=35 (full 0):
 garbage-first heap   total 225280K, used 116881K [0x0000000702800000, 0x0000000800000000)
  region size 2048K, 2 young (4096K), 2 survivors (4096K)
 Metaspace       used 82277K, committed 82624K, reserved 1130496K
  class space    used 8745K, committed 8896K, reserved 1048576K
}
Event: 18.029 GC heap before
{Heap before GC invocations=35 (full 0):
 garbage-first heap   total 225280K, used 123025K [0x0000000702800000, 0x0000000800000000)
  region size 2048K, 5 young (10240K), 2 survivors (4096K)
 Metaspace       used 82284K, committed 82624K, reserved 1130496K
  class space    used 8745K, committed 8896K, reserved 1048576K
}

