# JRE version: OpenJDK Runtime Environment (17.0.6) (build 17.0.6+0-b2043.56-9586694)
# Java VM: OpenJDK 64-Bit Server VM (17.0.6+0-b2043.56-9586694, mixed mode, tiered, compressed oops, compressed class ptrs, g1 gc, windows-amd64)
GC Precious Log:
 CPUs: 12 total, 12 available
 Memory: 16221M
 Large Page Support: Disabled
 NUMA Support: Disabled
 Compressed Oops: Enabled (32-bit)
 Heap Region Size: 1M
 Heap Min Capacity: 8M
 Heap Initial Capacity: 254M
 Heap Max Capacity: 2G
 Pre-touch: Disabled
 Parallel Workers: 10
 Concurrent Workers: 3
 Concurrent Refinement Workers: 10
 Periodic GC: Disabled
Heap:
 garbage-first heap   total 219136K, used 127076K [0x0000000080000000, 0x0000000100000000)
  region size 1024K, 3 young (3072K), 3 survivors (3072K)
 Metaspace       used 70073K, committed 70656K, reserved 1114112K
  class space    used 9400K, committed 9664K, reserved 1048576K
GC Heap History (20 events):
Event: 4.135 GC heap after
{Heap after GC invocations=22 (full 0):
 garbage-first heap   total 162816K, used 89916K [0x0000000080000000, 0x0000000100000000)
  region size 1024K, 5 young (5120K), 5 survivors (5120K)
 Metaspace       used 47278K, committed 47744K, reserved 1097728K
  class space    used 6281K, committed 6464K, reserved 1048576K
}
Event: 4.443 GC heap before
{Heap before GC invocations=23 (full 0):
 garbage-first heap   total 162816K, used 119612K [0x0000000080000000, 0x0000000100000000)
  region size 1024K, 33 young (33792K), 5 survivors (5120K)
 Metaspace       used 49687K, committed 50112K, reserved 1097728K
  class space    used 6533K, committed 6720K, reserved 1048576K
}
Event: 4.446 GC heap after
{Heap after GC invocations=24 (full 0):
 garbage-first heap   total 162816K, used 92333K [0x0000000080000000, 0x0000000100000000)
  region size 1024K, 5 young (5120K), 5 survivors (5120K)
 Metaspace       used 49687K, committed 50112K, reserved 1097728K
  class space    used 6533K, committed 6720K, reserved 1048576K
}
Event: 4.552 GC heap before
{Heap before GC invocations=24 (full 0):
 garbage-first heap   total 162816K, used 100525K [0x0000000080000000, 0x0000000100000000)
  region size 1024K, 14 young (14336K), 5 survivors (5120K)
 Metaspace       used 50733K, committed 51200K, reserved 1097728K
  class space    used 6724K, committed 6912K, reserved 1048576K
}
Event: 4.555 GC heap after
{Heap after GC invocations=25 (full 0):
 garbage-first heap   total 162816K, used 93206K [0x0000000080000000, 0x0000000100000000)
  region size 1024K, 1 young (1024K), 1 survivors (1024K)
 Metaspace       used 50733K, committed 51200K, reserved 1097728K
  class space    used 6724K, committed 6912K, reserved 1048576K
}
Event: 4.975 GC heap before
{Heap before GC invocations=26 (full 0):
 garbage-first heap   total 171008K, used 132118K [0x0000000080000000, 0x0000000100000000)
  region size 1024K, 32 young (32768K), 1 survivors (1024K)
 Metaspace       used 54098K, committed 54656K, reserved 1097728K
  class space    used 7261K, committed 7552K, reserved 1048576K
}
Event: 4.979 GC heap after
{Heap after GC invocations=27 (full 0):
 garbage-first heap   total 171008K, used 102604K [0x0000000080000000, 0x0000000100000000)
  region size 1024K, 4 young (4096K), 4 survivors (4096K)
 Metaspace       used 54098K, committed 54656K, reserved 1097728K
  class space    used 7261K, committed 7552K, reserved 1048576K
}
Event: 5.292 GC heap before
{Heap before GC invocations=27 (full 0):
 garbage-first heap   total 171008K, used 133324K [0x0000000080000000, 0x0000000100000000)
  region size 1024K, 35 young (35840K), 4 survivors (4096K)
 Metaspace       used 54807K, committed 55424K, reserved 1097728K
  class space    used 7318K, committed 7616K, reserved 1048576K
}
Event: 5.295 GC heap after
{Heap after GC invocations=28 (full 0):
 garbage-first heap   total 171008K, used 105270K [0x0000000080000000, 0x0000000100000000)
  region size 1024K, 5 young (5120K), 5 survivors (5120K)
 Metaspace       used 54807K, committed 55424K, reserved 1097728K
  class space    used 7318K, committed 7616K, reserved 1048576K
}
Event: 5.596 GC heap before
{Heap before GC invocations=29 (full 0):
 garbage-first heap   total 179200K, used 137014K [0x0000000080000000, 0x0000000100000000)
  region size 1024K, 36 young (36864K), 5 survivors (5120K)
 Metaspace       used 57727K, committed 58240K, reserved 1105920K
  class space    used 7806K, committed 8064K, reserved 1048576K
}
Event: 5.602 GC heap after
{Heap after GC invocations=30 (full 0):
 garbage-first heap   total 179200K, used 107457K [0x0000000080000000, 0x0000000100000000)
  region size 1024K, 3 young (3072K), 3 survivors (3072K)
 Metaspace       used 57727K, committed 58240K, reserved 1105920K
  class space    used 7806K, committed 8064K, reserved 1048576K
}
Event: 5.837 GC heap before
{Heap before GC invocations=30 (full 0):
 garbage-first heap   total 179200K, used 127937K [0x0000000080000000, 0x0000000100000000)
  region size 1024K, 24 young (24576K), 3 survivors (3072K)
 Metaspace       used 59828K, committed 60416K, reserved 1105920K
  class space    used 8042K, committed 8320K, reserved 1048576K
}
Event: 5.840 GC heap after
{Heap after GC invocations=31 (full 0):
 garbage-first heap   total 179200K, used 108419K [0x0000000080000000, 0x0000000100000000)
  region size 1024K, 4 young (4096K), 4 survivors (4096K)
 Metaspace       used 59828K, committed 60416K, reserved 1105920K
  class space    used 8042K, committed 8320K, reserved 1048576K
}
Event: 5.904 GC heap before
{Heap before GC invocations=32 (full 0):
 garbage-first heap   total 194560K, used 119683K [0x0000000080000000, 0x0000000100000000)
  region size 1024K, 12 young (12288K), 4 survivors (4096K)
 Metaspace       used 60211K, committed 60800K, reserved 1105920K
  class space    used 8106K, committed 8384K, reserved 1048576K
}
Event: 5.908 GC heap after
{Heap after GC invocations=33 (full 0):
 garbage-first heap   total 194560K, used 116736K [0x0000000080000000, 0x0000000100000000)
  region size 1024K, 5 young (5120K), 5 survivors (5120K)
 Metaspace       used 60211K, committed 60800K, reserved 1105920K
  class space    used 8106K, committed 8384K, reserved 1048576K
}
Event: 6.208 GC heap before
{Heap before GC invocations=34 (full 0):
 garbage-first heap   total 208896K, used 148480K [0x0000000080000000, 0x0000000100000000)
  region size 1024K, 32 young (32768K), 5 survivors (5120K)
 Metaspace       used 63437K, committed 64000K, reserved 1105920K
  class space    used 8553K, committed 8832K, reserved 1048576K
}
Event: 6.212 GC heap after
{Heap after GC invocations=35 (full 0):
 garbage-first heap   total 208896K, used 124128K [0x0000000080000000, 0x0000000100000000)
  region size 1024K, 4 young (4096K), 4 survivors (4096K)
 Metaspace       used 63437K, committed 64000K, reserved 1105920K
  class space    used 8553K, committed 8832K, reserved 1048576K
}
Event: 6.600 GC heap before
{Heap before GC invocations=35 (full 0):
 garbage-first heap   total 208896K, used 154848K [0x0000000080000000, 0x0000000100000000)
  region size 1024K, 34 young (34816K), 4 survivors (4096K)
 Metaspace       used 68682K, committed 69312K, reserved 1114112K
  class space    used 9245K, committed 9536K, reserved 1048576K
}
Event: 6.603 GC heap after
{Heap after GC invocations=36 (full 0):
 garbage-first heap   total 208896K, used 125867K [0x0000000080000000, 0x0000000100000000)
  region size 1024K, 2 young (2048K), 2 survivors (2048K)
 Metaspace       used 68682K, committed 69312K, reserved 1114112K
  class space    used 9245K, committed 9536K, reserved 1048576K
}
Event: 6.692 GC heap before
{Heap before GC invocations=37 (full 0):
 garbage-first heap   total 217088K, used 129963K [0x0000000080000000, 0x0000000100000000)
  region size 1024K, 7 young (7168K), 2 survivors (2048K)
 Metaspace       used 70073K, committed 70656K, reserved 1114112K
  class space    used 9400K, committed 9664K, reserved 1048576K
}

