# JRE version: OpenJDK Runtime Environment (17.0.6) (build 17.0.6+0-b2043.56-9586694)
# Java VM: OpenJDK 64-Bit Server VM (17.0.6+0-b2043.56-9586694, mixed mode, tiered, compressed oops, compressed class ptrs, g1 gc, windows-amd64)
GC Precious Log:
 CPUs: 12 total, 12 available
 Memory: 16221M
 Large Page Support: Disabled
 NUMA Support: Disabled
 Compressed Oops: Enabled (32-bit)
 Heap Region Size: 1M
 Heap Min Capacity: 8M
 Heap Initial Capacity: 254M
 Heap Max Capacity: 2G
 Pre-touch: Disabled
 Parallel Workers: 10
 Concurrent Workers: 3
 Concurrent Refinement Workers: 10
 Periodic GC: Disabled
Heap:
 garbage-first heap   total 119808K, used 65714K [0x0000000080000000, 0x0000000100000000)
  region size 1024K, 3 young (3072K), 3 survivors (3072K)
 Metaspace       used 74116K, committed 74688K, reserved 1114112K
  class space    used 9853K, committed 10112K, reserved 1048576K
GC Heap History (20 events):
Event: 4.245 GC heap after
{Heap after GC invocations=13 (full 0):
 garbage-first heap   total 108544K, used 35883K [0x0000000080000000, 0x0000000100000000)
  region size 1024K, 4 young (4096K), 4 survivors (4096K)
 Metaspace       used 51193K, committed 51648K, reserved 1097728K
  class space    used 6775K, committed 6976K, reserved 1048576K
}
Event: 4.596 GC heap before
{Heap before GC invocations=13 (full 0):
 garbage-first heap   total 108544K, used 90155K [0x0000000080000000, 0x0000000100000000)
  region size 1024K, 49 young (50176K), 4 survivors (4096K)
 Metaspace       used 52726K, committed 53184K, reserved 1097728K
  class space    used 6977K, committed 7168K, reserved 1048576K
}
Event: 4.600 GC heap after
{Heap after GC invocations=14 (full 0):
 garbage-first heap   total 108544K, used 52703K [0x0000000080000000, 0x0000000100000000)
  region size 1024K, 7 young (7168K), 7 survivors (7168K)
 Metaspace       used 52726K, committed 53184K, reserved 1097728K
  class space    used 6977K, committed 7168K, reserved 1048576K
}
Event: 4.924 GC heap before
{Heap before GC invocations=14 (full 0):
 garbage-first heap   total 108544K, used 80351K [0x0000000080000000, 0x0000000100000000)
  region size 1024K, 35 young (35840K), 7 survivors (7168K)
 Metaspace       used 56969K, committed 57472K, reserved 1105920K
  class space    used 7507K, committed 7680K, reserved 1048576K
}
Event: 4.927 GC heap after
{Heap after GC invocations=15 (full 0):
 garbage-first heap   total 108544K, used 55150K [0x0000000080000000, 0x0000000100000000)
  region size 1024K, 2 young (2048K), 2 survivors (2048K)
 Metaspace       used 56969K, committed 57472K, reserved 1105920K
  class space    used 7507K, committed 7680K, reserved 1048576K
}
Event: 5.149 GC heap before
{Heap before GC invocations=15 (full 0):
 garbage-first heap   total 108544K, used 71534K [0x0000000080000000, 0x0000000100000000)
  region size 1024K, 19 young (19456K), 2 survivors (2048K)
 Metaspace       used 59617K, committed 60160K, reserved 1105920K
  class space    used 7898K, committed 8192K, reserved 1048576K
}
Event: 5.151 GC heap after
{Heap after GC invocations=16 (full 0):
 garbage-first heap   total 108544K, used 55372K [0x0000000080000000, 0x0000000100000000)
  region size 1024K, 2 young (2048K), 2 survivors (2048K)
 Metaspace       used 59617K, committed 60160K, reserved 1105920K
  class space    used 7898K, committed 8192K, reserved 1048576K
}
Event: 5.361 GC heap before
{Heap before GC invocations=17 (full 0):
 garbage-first heap   total 108544K, used 68684K [0x0000000080000000, 0x0000000100000000)
  region size 1024K, 16 young (16384K), 2 survivors (2048K)
 Metaspace       used 62639K, committed 63232K, reserved 1105920K
  class space    used 8294K, committed 8576K, reserved 1048576K
}
Event: 5.364 GC heap after
{Heap after GC invocations=18 (full 0):
 garbage-first heap   total 108544K, used 57231K [0x0000000080000000, 0x0000000100000000)
  region size 1024K, 4 young (4096K), 4 survivors (4096K)
 Metaspace       used 62639K, committed 63232K, reserved 1105920K
  class space    used 8294K, committed 8576K, reserved 1048576K
}
Event: 5.408 GC heap before
{Heap before GC invocations=19 (full 0):
 garbage-first heap   total 119808K, used 69519K [0x0000000080000000, 0x0000000100000000)
  region size 1024K, 13 young (13312K), 4 survivors (4096K)
 Metaspace       used 62644K, committed 63232K, reserved 1105920K
  class space    used 8294K, committed 8576K, reserved 1048576K
}
Event: 5.412 GC heap after
{Heap after GC invocations=20 (full 0):
 garbage-first heap   total 119808K, used 62958K [0x0000000080000000, 0x0000000100000000)
  region size 1024K, 4 young (4096K), 4 survivors (4096K)
 Metaspace       used 62644K, committed 63232K, reserved 1105920K
  class space    used 8294K, committed 8576K, reserved 1048576K
}
Event: 5.679 GC heap before
{Heap before GC invocations=21 (full 0):
 garbage-first heap   total 119808K, used 88558K [0x0000000080000000, 0x0000000100000000)
  region size 1024K, 27 young (27648K), 4 survivors (4096K)
 Metaspace       used 64958K, committed 65472K, reserved 1105920K
  class space    used 8589K, committed 8832K, reserved 1048576K
}
Event: 5.681 GC heap after
{Heap after GC invocations=22 (full 0):
 garbage-first heap   total 119808K, used 60472K [0x0000000080000000, 0x0000000100000000)
  region size 1024K, 3 young (3072K), 3 survivors (3072K)
 Metaspace       used 64958K, committed 65472K, reserved 1105920K
  class space    used 8589K, committed 8832K, reserved 1048576K
}
Event: 5.893 GC heap before
{Heap before GC invocations=22 (full 0):
 garbage-first heap   total 119808K, used 81976K [0x0000000080000000, 0x0000000100000000)
  region size 1024K, 26 young (26624K), 3 survivors (3072K)
 Metaspace       used 66859K, committed 67392K, reserved 1114112K
  class space    used 8815K, committed 9088K, reserved 1048576K
}
Event: 5.895 GC heap after
{Heap after GC invocations=23 (full 0):
 garbage-first heap   total 119808K, used 62587K [0x0000000080000000, 0x0000000100000000)
  region size 1024K, 4 young (4096K), 4 survivors (4096K)
 Metaspace       used 66859K, committed 67392K, reserved 1114112K
  class space    used 8815K, committed 9088K, reserved 1048576K
}
Event: 6.194 GC heap before
{Heap before GC invocations=24 (full 0):
 garbage-first heap   total 119808K, used 91259K [0x0000000080000000, 0x0000000100000000)
  region size 1024K, 31 young (31744K), 4 survivors (4096K)
 Metaspace       used 70152K, committed 70720K, reserved 1114112K
  class space    used 9320K, committed 9600K, reserved 1048576K
}
Event: 6.197 GC heap after
{Heap after GC invocations=25 (full 0):
 garbage-first heap   total 119808K, used 63562K [0x0000000080000000, 0x0000000100000000)
  region size 1024K, 2 young (2048K), 2 survivors (2048K)
 Metaspace       used 70152K, committed 70720K, reserved 1114112K
  class space    used 9320K, committed 9600K, reserved 1048576K
}
Event: 6.224 GC heap before
{Heap before GC invocations=25 (full 0):
 garbage-first heap   total 119808K, used 65610K [0x0000000080000000, 0x0000000100000000)
  region size 1024K, 5 young (5120K), 2 survivors (2048K)
 Metaspace       used 70626K, committed 71168K, reserved 1114112K
  class space    used 9387K, committed 9664K, reserved 1048576K
}
Event: 6.226 GC heap after
{Heap after GC invocations=26 (full 0):
 garbage-first heap   total 119808K, used 63398K [0x0000000080000000, 0x0000000100000000)
  region size 1024K, 1 young (1024K), 1 survivors (1024K)
 Metaspace       used 70626K, committed 71168K, reserved 1114112K
  class space    used 9387K, committed 9664K, reserved 1048576K
}
Event: 6.496 GC heap before
{Heap before GC invocations=26 (full 0):
 garbage-first heap   total 119808K, used 92070K [0x0000000080000000, 0x0000000100000000)
  region size 1024K, 29 young (29696K), 1 survivors (1024K)
 Metaspace       used 74116K, committed 74688K, reserved 1114112K
  class space    used 9853K, committed 10112K, reserved 1048576K
}

