# JRE version: OpenJDK Runtime Environment (17.0.6) (build 17.0.6+0-b2043.56-9586694)
# Java VM: OpenJDK 64-Bit Server VM (17.0.6+0-b2043.56-9586694, mixed mode, tiered, compressed oops, compressed class ptrs, g1 gc, windows-amd64)
GC Precious Log:
 CPUs: 12 total, 12 available
 Memory: 16221M
 Large Page Support: Disabled
 NUMA Support: Disabled
 Compressed Oops: Enabled (32-bit)
 Heap Region Size: 1M
 Heap Min Capacity: 8M
 Heap Initial Capacity: 254M
 Heap Max Capacity: 2G
 Pre-touch: Disabled
 Parallel Workers: 10
 Concurrent Workers: 3
 Concurrent Refinement Workers: 10
 Periodic GC: Disabled
Heap:
 garbage-first heap   total 234496K, used 147229K [0x0000000080000000, 0x0000000100000000)
  region size 1024K, 18 young (18432K), 6 survivors (6144K)
 Metaspace       used 101079K, committed 101696K, reserved 1138688K
  class space    used 13778K, committed 14080K, reserved 1048576K
GC Heap History (20 events):
Event: 6.488 GC heap before
{Heap before GC invocations=26 (full 0):
 garbage-first heap   total 193536K, used 134609K [0x0000000080000000, 0x0000000100000000)
  region size 1024K, 72 young (73728K), 3 survivors (3072K)
 Metaspace       used 74844K, committed 75456K, reserved 1114112K
  class space    used 9958K, committed 10240K, reserved 1048576K
}
Event: 6.492 GC heap after
{Heap after GC invocations=27 (full 0):
 garbage-first heap   total 193536K, used 67204K [0x0000000080000000, 0x0000000100000000)
  region size 1024K, 7 young (7168K), 7 survivors (7168K)
 Metaspace       used 74844K, committed 75456K, reserved 1114112K
  class space    used 9958K, committed 10240K, reserved 1048576K
}
Event: 7.196 GC heap before
{Heap before GC invocations=27 (full 0):
 garbage-first heap   total 193536K, used 149124K [0x0000000080000000, 0x0000000100000000)
  region size 1024K, 87 young (89088K), 7 survivors (7168K)
 Metaspace       used 80859K, committed 81472K, reserved 1122304K
  class space    used 11013K, committed 11264K, reserved 1048576K
}
Event: 7.202 GC heap after
{Heap after GC invocations=28 (full 0):
 garbage-first heap   total 193536K, used 73309K [0x0000000080000000, 0x0000000100000000)
  region size 1024K, 11 young (11264K), 11 survivors (11264K)
 Metaspace       used 80859K, committed 81472K, reserved 1122304K
  class space    used 11013K, committed 11264K, reserved 1048576K
}
Event: 17.324 GC heap before
{Heap before GC invocations=28 (full 0):
 garbage-first heap   total 193536K, used 151133K [0x0000000080000000, 0x0000000100000000)
  region size 1024K, 87 young (89088K), 11 survivors (11264K)
 Metaspace       used 85586K, committed 86208K, reserved 1130496K
  class space    used 11750K, committed 12032K, reserved 1048576K
}
Event: 17.334 GC heap after
{Heap after GC invocations=29 (full 0):
 garbage-first heap   total 193536K, used 80307K [0x0000000080000000, 0x0000000100000000)
  region size 1024K, 8 young (8192K), 8 survivors (8192K)
 Metaspace       used 85586K, committed 86208K, reserved 1130496K
  class space    used 11750K, committed 12032K, reserved 1048576K
}
Event: 18.033 GC heap before
{Heap before GC invocations=29 (full 0):
 garbage-first heap   total 193536K, used 151987K [0x0000000080000000, 0x0000000100000000)
  region size 1024K, 79 young (80896K), 8 survivors (8192K)
 Metaspace       used 90338K, committed 90944K, reserved 1130496K
  class space    used 12436K, committed 12736K, reserved 1048576K
}
Event: 18.040 GC heap after
{Heap after GC invocations=30 (full 0):
 garbage-first heap   total 193536K, used 85907K [0x0000000080000000, 0x0000000100000000)
  region size 1024K, 7 young (7168K), 7 survivors (7168K)
 Metaspace       used 90338K, committed 90944K, reserved 1130496K
  class space    used 12436K, committed 12736K, reserved 1048576K
}
Event: 18.573 GC heap before
{Heap before GC invocations=30 (full 0):
 garbage-first heap   total 193536K, used 154515K [0x0000000080000000, 0x0000000100000000)
  region size 1024K, 74 young (75776K), 7 survivors (7168K)
 Metaspace       used 93925K, committed 94656K, reserved 1130496K
  class space    used 12872K, committed 13248K, reserved 1048576K
}
Event: 18.580 GC heap after
{Heap after GC invocations=31 (full 0):
 garbage-first heap   total 193536K, used 94667K [0x0000000080000000, 0x0000000100000000)
  region size 1024K, 9 young (9216K), 9 survivors (9216K)
 Metaspace       used 93925K, committed 94656K, reserved 1130496K
  class space    used 12872K, committed 13248K, reserved 1048576K
}
Event: 19.054 GC heap before
{Heap before GC invocations=31 (full 0):
 garbage-first heap   total 193536K, used 154059K [0x0000000080000000, 0x0000000100000000)
  region size 1024K, 68 young (69632K), 9 survivors (9216K)
 Metaspace       used 97429K, committed 98176K, reserved 1138688K
  class space    used 13389K, committed 13760K, reserved 1048576K
}
Event: 19.063 GC heap after
{Heap after GC invocations=32 (full 0):
 garbage-first heap   total 193536K, used 103381K [0x0000000080000000, 0x0000000100000000)
  region size 1024K, 9 young (9216K), 9 survivors (9216K)
 Metaspace       used 97429K, committed 98176K, reserved 1138688K
  class space    used 13389K, committed 13760K, reserved 1048576K
}
Event: 19.244 GC heap before
{Heap before GC invocations=32 (full 0):
 garbage-first heap   total 193536K, used 154581K [0x0000000080000000, 0x0000000100000000)
  region size 1024K, 60 young (61440K), 9 survivors (9216K)
 Metaspace       used 97626K, committed 98368K, reserved 1138688K
  class space    used 13390K, committed 13760K, reserved 1048576K
}
Event: 19.250 GC heap after
{Heap after GC invocations=33 (full 0):
 garbage-first heap   total 193536K, used 107520K [0x0000000080000000, 0x0000000100000000)
  region size 1024K, 5 young (5120K), 5 survivors (5120K)
 Metaspace       used 97626K, committed 98368K, reserved 1138688K
  class space    used 13390K, committed 13760K, reserved 1048576K
}
Event: 19.899 GC heap before
{Heap before GC invocations=34 (full 0):
 garbage-first heap   total 193536K, used 157696K [0x0000000080000000, 0x0000000100000000)
  region size 1024K, 55 young (56320K), 5 survivors (5120K)
 Metaspace       used 100638K, committed 101312K, reserved 1138688K
  class space    used 13750K, committed 14080K, reserved 1048576K
}
Event: 19.903 GC heap after
{Heap after GC invocations=35 (full 0):
 garbage-first heap   total 193536K, used 112217K [0x0000000080000000, 0x0000000100000000)
  region size 1024K, 6 young (6144K), 6 survivors (6144K)
 Metaspace       used 100638K, committed 101312K, reserved 1138688K
  class space    used 13750K, committed 14080K, reserved 1048576K
}
Event: 19.949 GC heap before
{Heap before GC invocations=35 (full 0):
 garbage-first heap   total 193536K, used 115289K [0x0000000080000000, 0x0000000100000000)
  region size 1024K, 9 young (9216K), 6 survivors (6144K)
 Metaspace       used 100676K, committed 101376K, reserved 1138688K
  class space    used 13750K, committed 14080K, reserved 1048576K
}
Event: 19.953 GC heap after
{Heap after GC invocations=36 (full 0):
 garbage-first heap   total 193536K, used 111505K [0x0000000080000000, 0x0000000100000000)
  region size 1024K, 2 young (2048K), 2 survivors (2048K)
 Metaspace       used 100676K, committed 101376K, reserved 1138688K
  class space    used 13750K, committed 14080K, reserved 1048576K
}
Event: 20.419 GC heap before
{Heap before GC invocations=36 (full 0):
 garbage-first heap   total 193536K, used 166801K [0x0000000080000000, 0x0000000100000000)
  region size 1024K, 48 young (49152K), 2 survivors (2048K)
 Metaspace       used 100818K, committed 101568K, reserved 1138688K
  class space    used 13750K, committed 14080K, reserved 1048576K
}
Event: 20.428 GC heap after
{Heap after GC invocations=37 (full 0):
 garbage-first heap   total 193536K, used 135965K [0x0000000080000000, 0x0000000100000000)
  region size 1024K, 6 young (6144K), 6 survivors (6144K)
 Metaspace       used 100818K, committed 101568K, reserved 1138688K
  class space    used 13750K, committed 14080K, reserved 1048576K
}

