# JRE version: OpenJDK Runtime Environment (17.0.6) (build 17.0.6+0-b2043.56-9586694)
# Java VM: OpenJDK 64-Bit Server VM (17.0.6+0-b2043.56-9586694, mixed mode, tiered, compressed oops, compressed class ptrs, g1 gc, windows-amd64)
GC Precious Log:
 CPUs: 12 total, 12 available
 Memory: 16221M
 Large Page Support: Disabled
 NUMA Support: Disabled
 Compressed Oops: Enabled (32-bit)
 Heap Region Size: 1M
 Heap Min Capacity: 8M
 Heap Initial Capacity: 254M
 Heap Max Capacity: 2G
 Pre-touch: Disabled
 Parallel Workers: 10
 Concurrent Workers: 3
 Concurrent Refinement Workers: 10
 Periodic GC: Disabled
Heap:
 garbage-first heap   total 288768K, used 184572K [0x0000000080000000, 0x0000000100000000)
  region size 1024K, 14 young (14336K), 9 survivors (9216K)
 Metaspace       used 114824K, committed 115648K, reserved 1155072K
  class space    used 15191K, committed 15616K, reserved 1048576K
GC Heap History (20 events):
Event: 17.478 GC heap before
{Heap before GC invocations=29 (full 0):
 garbage-first heap   total 253952K, used 199680K [0x0000000080000000, 0x0000000100000000)
  region size 1024K, 66 young (67584K), 12 survivors (12288K)
 Metaspace       used 104233K, committed 104960K, reserved 1146880K
  class space    used 14122K, committed 14464K, reserved 1048576K
}
Event: 17.486 GC heap after
{Heap after GC invocations=30 (full 0):
 garbage-first heap   total 253952K, used 145362K [0x0000000080000000, 0x0000000100000000)
  region size 1024K, 7 young (7168K), 7 survivors (7168K)
 Metaspace       used 104233K, committed 104960K, reserved 1146880K
  class space    used 14122K, committed 14464K, reserved 1048576K
}
Event: 17.544 GC heap before
{Heap before GC invocations=30 (full 0):
 garbage-first heap   total 253952K, used 149458K [0x0000000080000000, 0x0000000100000000)
  region size 1024K, 12 young (12288K), 7 survivors (7168K)
 Metaspace       used 104279K, committed 105024K, reserved 1146880K
  class space    used 14127K, committed 14464K, reserved 1048576K
}
Event: 17.551 GC heap after
{Heap after GC invocations=31 (full 0):
 garbage-first heap   total 253952K, used 144926K [0x0000000080000000, 0x0000000100000000)
  region size 1024K, 2 young (2048K), 2 survivors (2048K)
 Metaspace       used 104279K, committed 105024K, reserved 1146880K
  class space    used 14127K, committed 14464K, reserved 1048576K
}
Event: 17.943 GC heap before
{Heap before GC invocations=31 (full 0):
 garbage-first heap   total 253952K, used 222750K [0x0000000080000000, 0x0000000100000000)
  region size 1024K, 54 young (55296K), 2 survivors (2048K)
 Metaspace       used 105081K, committed 105792K, reserved 1146880K
  class space    used 14180K, committed 14528K, reserved 1048576K
}
Event: 17.947 GC heap after
{Heap after GC invocations=32 (full 0):
 garbage-first heap   total 253952K, used 150255K [0x0000000080000000, 0x0000000100000000)
  region size 1024K, 7 young (7168K), 7 survivors (7168K)
 Metaspace       used 105081K, committed 105792K, reserved 1146880K
  class space    used 14180K, committed 14528K, reserved 1048576K
}
Event: 18.212 GC heap before
{Heap before GC invocations=33 (full 0):
 garbage-first heap   total 288768K, used 200431K [0x0000000080000000, 0x0000000100000000)
  region size 1024K, 57 young (58368K), 7 survivors (7168K)
 Metaspace       used 108014K, committed 108800K, reserved 1146880K
  class space    used 14446K, committed 14848K, reserved 1048576K
}
Event: 18.218 GC heap after
{Heap after GC invocations=34 (full 0):
 garbage-first heap   total 288768K, used 155945K [0x0000000080000000, 0x0000000100000000)
  region size 1024K, 6 young (6144K), 6 survivors (6144K)
 Metaspace       used 108014K, committed 108800K, reserved 1146880K
  class space    used 14446K, committed 14848K, reserved 1048576K
}
Event: 18.241 GC heap before
{Heap before GC invocations=34 (full 0):
 garbage-first heap   total 288768K, used 164137K [0x0000000080000000, 0x0000000100000000)
  region size 1024K, 14 young (14336K), 6 survivors (6144K)
 Metaspace       used 108061K, committed 108800K, reserved 1146880K
  class space    used 14446K, committed 14848K, reserved 1048576K
}
Event: 18.245 GC heap after
{Heap after GC invocations=35 (full 0):
 garbage-first heap   total 288768K, used 154589K [0x0000000080000000, 0x0000000100000000)
  region size 1024K, 2 young (2048K), 2 survivors (2048K)
 Metaspace       used 108061K, committed 108800K, reserved 1146880K
  class space    used 14446K, committed 14848K, reserved 1048576K
}
Event: 18.462 GC heap before
{Heap before GC invocations=35 (full 0):
 garbage-first heap   total 288768K, used 225245K [0x0000000080000000, 0x0000000100000000)
  region size 1024K, 72 young (73728K), 2 survivors (2048K)
 Metaspace       used 108792K, committed 109632K, reserved 1146880K
  class space    used 14490K, committed 14912K, reserved 1048576K
}
Event: 18.465 GC heap after
{Heap after GC invocations=36 (full 0):
 garbage-first heap   total 288768K, used 155281K [0x0000000080000000, 0x0000000100000000)
  region size 1024K, 3 young (3072K), 3 survivors (3072K)
 Metaspace       used 108792K, committed 109632K, reserved 1146880K
  class space    used 14490K, committed 14912K, reserved 1048576K
}
Event: 18.764 GC heap before
{Heap before GC invocations=36 (full 0):
 garbage-first heap   total 288768K, used 229009K [0x0000000080000000, 0x0000000100000000)
  region size 1024K, 76 young (77824K), 3 survivors (3072K)
 Metaspace       used 109785K, committed 110592K, reserved 1146880K
  class space    used 14581K, committed 14976K, reserved 1048576K
}
Event: 18.768 GC heap after
{Heap after GC invocations=37 (full 0):
 garbage-first heap   total 288768K, used 158474K [0x0000000080000000, 0x0000000100000000)
  region size 1024K, 6 young (6144K), 6 survivors (6144K)
 Metaspace       used 109785K, committed 110592K, reserved 1146880K
  class space    used 14581K, committed 14976K, reserved 1048576K
}
Event: 19.153 GC heap before
{Heap before GC invocations=37 (full 0):
 garbage-first heap   total 288768K, used 233226K [0x0000000080000000, 0x0000000100000000)
  region size 1024K, 80 young (81920K), 6 survivors (6144K)
 Metaspace       used 111298K, committed 112128K, reserved 1146880K
  class space    used 14754K, committed 15168K, reserved 1048576K
}
Event: 19.158 GC heap after
{Heap after GC invocations=38 (full 0):
 garbage-first heap   total 288768K, used 161973K [0x0000000080000000, 0x0000000100000000)
  region size 1024K, 7 young (7168K), 7 survivors (7168K)
 Metaspace       used 111298K, committed 112128K, reserved 1146880K
  class space    used 14754K, committed 15168K, reserved 1048576K
}
Event: 19.686 GC heap before
{Heap before GC invocations=38 (full 0):
 garbage-first heap   total 288768K, used 236725K [0x0000000080000000, 0x0000000100000000)
  region size 1024K, 81 young (82944K), 7 survivors (7168K)
 Metaspace       used 113035K, committed 113856K, reserved 1155072K
  class space    used 14929K, committed 15296K, reserved 1048576K
}
Event: 19.693 GC heap after
{Heap after GC invocations=39 (full 0):
 garbage-first heap   total 288768K, used 167262K [0x0000000080000000, 0x0000000100000000)
  region size 1024K, 9 young (9216K), 9 survivors (9216K)
 Metaspace       used 113035K, committed 113856K, reserved 1155072K
  class space    used 14929K, committed 15296K, reserved 1048576K
}
Event: 19.987 GC heap before
{Heap before GC invocations=39 (full 0):
 garbage-first heap   total 288768K, used 237918K [0x0000000080000000, 0x0000000100000000)
  region size 1024K, 79 young (80896K), 9 survivors (9216K)
 Metaspace       used 113765K, committed 114560K, reserved 1155072K
  class space    used 15023K, committed 15424K, reserved 1048576K
}
Event: 19.994 GC heap after
{Heap after GC invocations=40 (full 0):
 garbage-first heap   total 288768K, used 173476K [0x0000000080000000, 0x0000000100000000)
  region size 1024K, 8 young (8192K), 8 survivors (8192K)
 Metaspace       used 113765K, committed 114560K, reserved 1155072K
  class space    used 15023K, committed 15424K, reserved 1048576K
}

