# JRE version: OpenJDK Runtime Environment (17.0.6) (build 17.0.6+0-b2043.56-9586694)
# Java VM: OpenJDK 64-Bit Server VM (17.0.6+0-b2043.56-9586694, mixed mode, tiered, compressed oops, compressed class ptrs, g1 gc, windows-amd64)
GC Precious Log:
 CPUs: 12 total, 12 available
 Memory: 16221M
 Large Page Support: Disabled
 NUMA Support: Disabled
 Compressed Oops: Enabled (32-bit)
 Heap Region Size: 1M
 Heap Min Capacity: 8M
 Heap Initial Capacity: 254M
 Heap Max Capacity: 2G
 Pre-touch: Disabled
 Parallel Workers: 10
 Concurrent Workers: 3
 Concurrent Refinement Workers: 10
 Periodic GC: Disabled
Heap:
 garbage-first heap   total 260096K, used 126838K [0x0000000080000000, 0x0000000100000000)
  region size 1024K, 2 young (2048K), 2 survivors (2048K)
 Metaspace       used 68245K, committed 68864K, reserved 1114112K
  class space    used 9181K, committed 9472K, reserved 1048576K
GC Heap History (20 events):
Event: 4.143 GC heap after
{Heap after GC invocations=21 (full 0):
 garbage-first heap   total 150528K, used 90087K [0x0000000080000000, 0x0000000100000000)
  region size 1024K, 3 young (3072K), 3 survivors (3072K)
 Metaspace       used 47282K, committed 47680K, reserved 1097728K
  class space    used 6281K, committed 6464K, reserved 1048576K
}
Event: 4.355 GC heap before
{Heap before GC invocations=22 (full 0):
 garbage-first heap   total 155648K, used 112615K [0x0000000080000000, 0x0000000100000000)
  region size 1024K, 24 young (24576K), 3 survivors (3072K)
 Metaspace       used 49142K, committed 49664K, reserved 1097728K
  class space    used 6437K, committed 6656K, reserved 1048576K
}
Event: 4.358 GC heap after
{Heap after GC invocations=23 (full 0):
 garbage-first heap   total 187392K, used 92171K [0x0000000080000000, 0x0000000100000000)
  region size 1024K, 3 young (3072K), 3 survivors (3072K)
 Metaspace       used 49142K, committed 49664K, reserved 1097728K
  class space    used 6437K, committed 6656K, reserved 1048576K
}
Event: 4.547 GC heap before
{Heap before GC invocations=23 (full 0):
 garbage-first heap   total 187392K, used 107531K [0x0000000080000000, 0x0000000100000000)
  region size 1024K, 19 young (19456K), 3 survivors (3072K)
 Metaspace       used 50729K, committed 51200K, reserved 1097728K
  class space    used 6722K, committed 6912K, reserved 1048576K
}
Event: 4.550 GC heap after
{Heap after GC invocations=24 (full 0):
 garbage-first heap   total 187392K, used 93647K [0x0000000080000000, 0x0000000100000000)
  region size 1024K, 4 young (4096K), 4 survivors (4096K)
 Metaspace       used 50729K, committed 51200K, reserved 1097728K
  class space    used 6722K, committed 6912K, reserved 1048576K
}
Event: 5.122 GC heap before
{Heap before GC invocations=25 (full 0):
 garbage-first heap   total 187392K, used 142799K [0x0000000080000000, 0x0000000100000000)
  region size 1024K, 45 young (46080K), 4 survivors (4096K)
 Metaspace       used 54568K, committed 55168K, reserved 1097728K
  class space    used 7303K, committed 7552K, reserved 1048576K
}
Event: 5.126 GC heap after
{Heap after GC invocations=26 (full 0):
 garbage-first heap   total 187392K, used 104742K [0x0000000080000000, 0x0000000100000000)
  region size 1024K, 6 young (6144K), 6 survivors (6144K)
 Metaspace       used 54568K, committed 55168K, reserved 1097728K
  class space    used 7303K, committed 7552K, reserved 1048576K
}
Event: 5.460 GC heap before
{Heap before GC invocations=26 (full 0):
 garbage-first heap   total 187392K, used 142630K [0x0000000080000000, 0x0000000100000000)
  region size 1024K, 44 young (45056K), 6 survivors (6144K)
 Metaspace       used 57526K, committed 58112K, reserved 1105920K
  class space    used 7789K, committed 8064K, reserved 1048576K
}
Event: 5.466 GC heap after
{Heap after GC invocations=27 (full 0):
 garbage-first heap   total 187392K, used 107498K [0x0000000080000000, 0x0000000100000000)
  region size 1024K, 4 young (4096K), 4 survivors (4096K)
 Metaspace       used 57526K, committed 58112K, reserved 1105920K
  class space    used 7789K, committed 8064K, reserved 1048576K
}
Event: 5.833 GC heap before
{Heap before GC invocations=28 (full 0):
 garbage-first heap   total 187392K, used 150506K [0x0000000080000000, 0x0000000100000000)
  region size 1024K, 42 young (43008K), 4 survivors (4096K)
 Metaspace       used 60195K, committed 60736K, reserved 1105920K
  class space    used 8102K, committed 8320K, reserved 1048576K
}
Event: 5.837 GC heap after
{Heap after GC invocations=29 (full 0):
 garbage-first heap   total 187392K, used 115489K [0x0000000080000000, 0x0000000100000000)
  region size 1024K, 6 young (6144K), 6 survivors (6144K)
 Metaspace       used 60195K, committed 60736K, reserved 1105920K
  class space    used 8102K, committed 8320K, reserved 1048576K
}
Event: 5.855 GC heap before
{Heap before GC invocations=29 (full 0):
 garbage-first heap   total 187392K, used 121633K [0x0000000080000000, 0x0000000100000000)
  region size 1024K, 9 young (9216K), 6 survivors (6144K)
 Metaspace       used 60195K, committed 60736K, reserved 1105920K
  class space    used 8102K, committed 8320K, reserved 1048576K
}
Event: 5.858 GC heap after
{Heap after GC invocations=30 (full 0):
 garbage-first heap   total 187392K, used 122528K [0x0000000080000000, 0x0000000100000000)
  region size 1024K, 2 young (2048K), 2 survivors (2048K)
 Metaspace       used 60195K, committed 60736K, reserved 1105920K
  class space    used 8102K, committed 8320K, reserved 1048576K
}
Event: 5.861 GC heap before
{Heap before GC invocations=30 (full 0):
 garbage-first heap   total 187392K, used 123552K [0x0000000080000000, 0x0000000100000000)
  region size 1024K, 4 young (4096K), 2 survivors (2048K)
 Metaspace       used 60195K, committed 60736K, reserved 1105920K
  class space    used 8102K, committed 8320K, reserved 1048576K
}
Event: 5.862 GC heap after
{Heap after GC invocations=31 (full 0):
 garbage-first heap   total 187392K, used 123344K [0x0000000080000000, 0x0000000100000000)
  region size 1024K, 3 young (3072K), 3 survivors (3072K)
 Metaspace       used 60195K, committed 60736K, reserved 1105920K
  class space    used 8102K, committed 8320K, reserved 1048576K
}
Event: 6.058 GC heap before
{Heap before GC invocations=32 (full 0):
 garbage-first heap   total 215040K, used 140752K [0x0000000080000000, 0x0000000100000000)
  region size 1024K, 20 young (20480K), 3 survivors (3072K)
 Metaspace       used 62197K, committed 62784K, reserved 1105920K
  class space    used 8369K, committed 8640K, reserved 1048576K
}
Event: 6.062 GC heap after
{Heap after GC invocations=33 (full 0):
 garbage-first heap   total 215040K, used 125047K [0x0000000080000000, 0x0000000100000000)
  region size 1024K, 3 young (3072K), 3 survivors (3072K)
 Metaspace       used 62197K, committed 62784K, reserved 1105920K
  class space    used 8369K, committed 8640K, reserved 1048576K
}
Event: 6.143 GC heap before
{Heap before GC invocations=33 (full 0):
 garbage-first heap   total 215040K, used 132215K [0x0000000080000000, 0x0000000100000000)
  region size 1024K, 10 young (10240K), 3 survivors (3072K)
 Metaspace       used 63243K, committed 63808K, reserved 1105920K
  class space    used 8513K, committed 8768K, reserved 1048576K
}
Event: 6.145 GC heap after
{Heap after GC invocations=34 (full 0):
 garbage-first heap   total 215040K, used 125576K [0x0000000080000000, 0x0000000100000000)
  region size 1024K, 1 young (1024K), 1 survivors (1024K)
 Metaspace       used 63243K, committed 63808K, reserved 1105920K
  class space    used 8513K, committed 8768K, reserved 1048576K
}
Event: 6.526 GC heap before
{Heap before GC invocations=34 (full 0):
 garbage-first heap   total 215040K, used 154248K [0x0000000080000000, 0x0000000100000000)
  region size 1024K, 29 young (29696K), 1 survivors (1024K)
 Metaspace       used 68245K, committed 68864K, reserved 1114112K
  class space    used 9181K, committed 9472K, reserved 1048576K
}

