# JRE version: OpenJDK Runtime Environment (17.0.6) (build 17.0.6+0-b2043.56-9586694)
# Java VM: OpenJDK 64-Bit Server VM (17.0.6+0-b2043.56-9586694, mixed mode, tiered, compressed oops, compressed class ptrs, g1 gc, windows-amd64)
GC Precious Log:
 CPUs: 12 total, 12 available
 Memory: 16221M
 Large Page Support: Disabled
 NUMA Support: Disabled
 Compressed Oops: Enabled (32-bit)
 Heap Region Size: 1M
 Heap Min Capacity: 8M
 Heap Initial Capacity: 254M
 Heap Max Capacity: 2G
 Pre-touch: Disabled
 Parallel Workers: 10
 Concurrent Workers: 3
 Concurrent Refinement Workers: 10
 Periodic GC: Disabled
Heap:
 garbage-first heap   total 260096K, used 147279K [0x0000000080000000, 0x0000000100000000)
  region size 1024K, 6 young (6144K), 6 survivors (6144K)
 Metaspace       used 104311K, committed 105024K, reserved 1146880K
  class space    used 14390K, committed 14720K, reserved 1048576K
GC Heap History (20 events):
Event: 9.923 GC heap after
{Heap after GC invocations=33 (full 0):
 garbage-first heap   total 146432K, used 83866K [0x0000000080000000, 0x0000000100000000)
  region size 1024K, 5 young (5120K), 5 survivors (5120K)
 Metaspace       used 91590K, committed 92160K, reserved 1130496K
  class space    used 12510K, committed 12800K, reserved 1048576K
}
Event: 10.175 GC heap before
{Heap before GC invocations=34 (full 0):
 garbage-first heap   total 152576K, used 119706K [0x0000000080000000, 0x0000000100000000)
  region size 1024K, 40 young (40960K), 5 survivors (5120K)
 Metaspace       used 91649K, committed 92224K, reserved 1130496K
  class space    used 12516K, committed 12800K, reserved 1048576K
}
Event: 10.180 GC heap after
{Heap after GC invocations=35 (full 0):
 garbage-first heap   total 152576K, used 89239K [0x0000000080000000, 0x0000000100000000)
  region size 1024K, 5 young (5120K), 5 survivors (5120K)
 Metaspace       used 91649K, committed 92224K, reserved 1130496K
  class space    used 12516K, committed 12800K, reserved 1048576K
}
Event: 10.193 GC heap before
{Heap before GC invocations=35 (full 0):
 garbage-first heap   total 152576K, used 91287K [0x0000000080000000, 0x0000000100000000)
  region size 1024K, 7 young (7168K), 5 survivors (5120K)
 Metaspace       used 91650K, committed 92224K, reserved 1130496K
  class space    used 12516K, committed 12800K, reserved 1048576K
}
Event: 10.196 GC heap after
{Heap after GC invocations=36 (full 0):
 garbage-first heap   total 215040K, used 90137K [0x0000000080000000, 0x0000000100000000)
  region size 1024K, 1 young (1024K), 1 survivors (1024K)
 Metaspace       used 91650K, committed 92224K, reserved 1130496K
  class space    used 12516K, committed 12800K, reserved 1048576K
}
Event: 10.953 GC heap before
{Heap before GC invocations=36 (full 0):
 garbage-first heap   total 215040K, used 163865K [0x0000000080000000, 0x0000000100000000)
  region size 1024K, 74 young (75776K), 1 survivors (1024K)
 Metaspace       used 94536K, committed 95232K, reserved 1138688K
  class space    used 13069K, committed 13376K, reserved 1048576K
}
Event: 10.962 GC heap after
{Heap after GC invocations=37 (full 0):
 garbage-first heap   total 215040K, used 97883K [0x0000000080000000, 0x0000000100000000)
  region size 1024K, 9 young (9216K), 9 survivors (9216K)
 Metaspace       used 94536K, committed 95232K, reserved 1138688K
  class space    used 13069K, committed 13376K, reserved 1048576K
}
Event: 11.794 GC heap before
{Heap before GC invocations=37 (full 0):
 garbage-first heap   total 215040K, used 163419K [0x0000000080000000, 0x0000000100000000)
  region size 1024K, 74 young (75776K), 9 survivors (9216K)
 Metaspace       used 95106K, committed 95744K, reserved 1138688K
  class space    used 13116K, committed 13440K, reserved 1048576K
}
Event: 11.802 GC heap after
{Heap after GC invocations=38 (full 0):
 garbage-first heap   total 215040K, used 102512K [0x0000000080000000, 0x0000000100000000)
  region size 1024K, 7 young (7168K), 7 survivors (7168K)
 Metaspace       used 95106K, committed 95744K, reserved 1138688K
  class space    used 13116K, committed 13440K, reserved 1048576K
}
Event: 12.173 GC heap before
{Heap before GC invocations=38 (full 0):
 garbage-first heap   total 215040K, used 168048K [0x0000000080000000, 0x0000000100000000)
  region size 1024K, 72 young (73728K), 7 survivors (7168K)
 Metaspace       used 96496K, committed 97216K, reserved 1138688K
  class space    used 13241K, committed 13568K, reserved 1048576K
}
Event: 12.178 GC heap after
{Heap after GC invocations=39 (full 0):
 garbage-first heap   total 215040K, used 106796K [0x0000000080000000, 0x0000000100000000)
  region size 1024K, 6 young (6144K), 6 survivors (6144K)
 Metaspace       used 96496K, committed 97216K, reserved 1138688K
  class space    used 13241K, committed 13568K, reserved 1048576K
}
Event: 12.649 GC heap before
{Heap before GC invocations=39 (full 0):
 garbage-first heap   total 215040K, used 171308K [0x0000000080000000, 0x0000000100000000)
  region size 1024K, 70 young (71680K), 6 survivors (6144K)
 Metaspace       used 98793K, committed 99520K, reserved 1138688K
  class space    used 13529K, committed 13888K, reserved 1048576K
}
Event: 12.655 GC heap after
{Heap after GC invocations=40 (full 0):
 garbage-first heap   total 215040K, used 112072K [0x0000000080000000, 0x0000000100000000)
  region size 1024K, 7 young (7168K), 7 survivors (7168K)
 Metaspace       used 98793K, committed 99520K, reserved 1138688K
  class space    used 13529K, committed 13888K, reserved 1048576K
}
Event: 12.830 GC heap before
{Heap before GC invocations=40 (full 0):
 garbage-first heap   total 215040K, used 173512K [0x0000000080000000, 0x0000000100000000)
  region size 1024K, 68 young (69632K), 7 survivors (7168K)
 Metaspace       used 100058K, committed 100864K, reserved 1138688K
  class space    used 13714K, committed 14080K, reserved 1048576K
}
Event: 12.835 GC heap after
{Heap after GC invocations=41 (full 0):
 garbage-first heap   total 215040K, used 121269K [0x0000000080000000, 0x0000000100000000)
  region size 1024K, 9 young (9216K), 9 survivors (9216K)
 Metaspace       used 100058K, committed 100864K, reserved 1138688K
  class space    used 13714K, committed 14080K, reserved 1048576K
}
Event: 13.028 GC heap before
{Heap before GC invocations=41 (full 0):
 garbage-first heap   total 215040K, used 173493K [0x0000000080000000, 0x0000000100000000)
  region size 1024K, 61 young (62464K), 9 survivors (9216K)
 Metaspace       used 101848K, committed 102592K, reserved 1138688K
  class space    used 14019K, committed 14336K, reserved 1048576K
}
Event: 13.033 GC heap after
{Heap after GC invocations=42 (full 0):
 garbage-first heap   total 215040K, used 129644K [0x0000000080000000, 0x0000000100000000)
  region size 1024K, 8 young (8192K), 8 survivors (8192K)
 Metaspace       used 101848K, committed 102592K, reserved 1138688K
  class space    used 14019K, committed 14336K, reserved 1048576K
}
Event: 13.412 GC heap before
{Heap before GC invocations=42 (full 0):
 garbage-first heap   total 215040K, used 175724K [0x0000000080000000, 0x0000000100000000)
  region size 1024K, 54 young (55296K), 8 survivors (8192K)
 Metaspace       used 103956K, committed 104704K, reserved 1138688K
  class space    used 14324K, committed 14656K, reserved 1048576K
}
Event: 13.425 GC heap after
{Heap after GC invocations=43 (full 0):
 garbage-first heap   total 215040K, used 139083K [0x0000000080000000, 0x0000000100000000)
  region size 1024K, 7 young (7168K), 7 survivors (7168K)
 Metaspace       used 103956K, committed 104704K, reserved 1138688K
  class space    used 14324K, committed 14656K, reserved 1048576K
}
Event: 13.561 GC heap before
{Heap before GC invocations=43 (full 0):
 garbage-first heap   total 215040K, used 175947K [0x0000000080000000, 0x0000000100000000)
  region size 1024K, 44 young (45056K), 7 survivors (7168K)
 Metaspace       used 104311K, committed 105024K, reserved 1146880K
  class space    used 14390K, committed 14720K, reserved 1048576K
}

