# JRE version: OpenJDK Runtime Environment (17.0.6) (build 17.0.6+0-b2043.56-9586694)
# Java VM: OpenJDK 64-Bit Server VM (17.0.6+0-b2043.56-9586694, mixed mode, tiered, compressed oops, compressed class ptrs, g1 gc, windows-amd64)
GC Precious Log:
 CPUs: 12 total, 12 available
 Memory: 16221M
 Large Page Support: Disabled
 NUMA Support: Disabled
 Compressed Oops: Enabled (32-bit)
 Heap Region Size: 1M
 Heap Min Capacity: 8M
 Heap Initial Capacity: 254M
 Heap Max Capacity: 2G
 Pre-touch: Disabled
 Parallel Workers: 10
 Concurrent Workers: 3
 Concurrent Refinement Workers: 10
 Periodic GC: Disabled
Heap:
 garbage-first heap   total 409600K, used 211072K [0x0000000080000000, 0x0000000100000000)
  region size 1024K, 3 young (3072K), 3 survivors (3072K)
 Metaspace       used 120331K, committed 121088K, reserved 1155072K
  class space    used 16659K, committed 17024K, reserved 1048576K
GC Heap History (20 events):
Event: 42.317 GC heap after
{Heap after GC invocations=44 (full 0):
 garbage-first heap   total 225280K, used 126701K [0x0000000080000000, 0x0000000100000000)
  region size 1024K, 6 young (6144K), 6 survivors (6144K)
 Metaspace       used 106066K, committed 106752K, reserved 1146880K
  class space    used 14300K, committed 14592K, reserved 1048576K
}
Event: 42.604 GC heap before
{Heap before GC invocations=44 (full 0):
 garbage-first heap   total 225280K, used 186093K [0x0000000080000000, 0x0000000100000000)
  region size 1024K, 65 young (66560K), 6 survivors (6144K)
 Metaspace       used 107949K, committed 108736K, reserved 1146880K
  class space    used 14527K, committed 14912K, reserved 1048576K
}
Event: 42.610 GC heap after
{Heap after GC invocations=45 (full 0):
 garbage-first heap   total 225280K, used 132004K [0x0000000080000000, 0x0000000100000000)
  region size 1024K, 6 young (6144K), 6 survivors (6144K)
 Metaspace       used 107949K, committed 108736K, reserved 1146880K
  class space    used 14527K, committed 14912K, reserved 1048576K
}
Event: 42.717 GC heap before
{Heap before GC invocations=45 (full 0):
 garbage-first heap   total 225280K, used 187300K [0x0000000080000000, 0x0000000100000000)
  region size 1024K, 61 young (62464K), 6 survivors (6144K)
 Metaspace       used 109206K, committed 109952K, reserved 1146880K
  class space    used 14744K, committed 15104K, reserved 1048576K
}
Event: 42.722 GC heap after
{Heap after GC invocations=46 (full 0):
 garbage-first heap   total 225280K, used 139786K [0x0000000080000000, 0x0000000100000000)
  region size 1024K, 8 young (8192K), 8 survivors (8192K)
 Metaspace       used 109206K, committed 109952K, reserved 1146880K
  class space    used 14744K, committed 15104K, reserved 1048576K
}
Event: 42.791 GC heap before
{Heap before GC invocations=46 (full 0):
 garbage-first heap   total 225280K, used 185866K [0x0000000080000000, 0x0000000100000000)
  region size 1024K, 54 young (55296K), 8 survivors (8192K)
 Metaspace       used 109978K, committed 110720K, reserved 1146880K
  class space    used 14857K, committed 15232K, reserved 1048576K
}
Event: 42.795 GC heap after
{Heap after GC invocations=47 (full 0):
 garbage-first heap   total 225280K, used 147311K [0x0000000080000000, 0x0000000100000000)
  region size 1024K, 7 young (7168K), 7 survivors (7168K)
 Metaspace       used 109978K, committed 110720K, reserved 1146880K
  class space    used 14857K, committed 15232K, reserved 1048576K
}
Event: 43.021 GC heap before
{Heap before GC invocations=47 (full 0):
 garbage-first heap   total 225280K, used 178031K [0x0000000080000000, 0x0000000100000000)
  region size 1024K, 39 young (39936K), 7 survivors (7168K)
 Metaspace       used 113098K, committed 113856K, reserved 1155072K
  class space    used 15366K, committed 15744K, reserved 1048576K
}
Event: 43.028 GC heap after
{Heap after GC invocations=48 (full 0):
 garbage-first heap   total 278528K, used 152448K [0x0000000080000000, 0x0000000100000000)
  region size 1024K, 5 young (5120K), 5 survivors (5120K)
 Metaspace       used 113098K, committed 113856K, reserved 1155072K
  class space    used 15366K, committed 15744K, reserved 1048576K
}
Event: 43.270 GC heap before
{Heap before GC invocations=49 (full 0):
 garbage-first heap   total 312320K, used 221056K [0x0000000080000000, 0x0000000100000000)
  region size 1024K, 73 young (74752K), 5 survivors (5120K)
 Metaspace       used 114219K, committed 114944K, reserved 1155072K
  class space    used 15586K, committed 15936K, reserved 1048576K
}
Event: 43.281 GC heap after
{Heap after GC invocations=50 (full 0):
 garbage-first heap   total 312320K, used 165856K [0x0000000080000000, 0x0000000100000000)
  region size 1024K, 10 young (10240K), 10 survivors (10240K)
 Metaspace       used 114219K, committed 114944K, reserved 1155072K
  class space    used 15586K, committed 15936K, reserved 1048576K
}
Event: 43.296 GC heap before
{Heap before GC invocations=50 (full 0):
 garbage-first heap   total 312320K, used 169952K [0x0000000080000000, 0x0000000100000000)
  region size 1024K, 15 young (15360K), 10 survivors (10240K)
 Metaspace       used 114346K, committed 115136K, reserved 1155072K
  class space    used 15624K, committed 16000K, reserved 1048576K
}
Event: 43.305 GC heap after
{Heap after GC invocations=51 (full 0):
 garbage-first heap   total 312320K, used 166461K [0x0000000080000000, 0x0000000100000000)
  region size 1024K, 2 young (2048K), 2 survivors (2048K)
 Metaspace       used 114346K, committed 115136K, reserved 1155072K
  class space    used 15624K, committed 16000K, reserved 1048576K
}
Event: 43.470 GC heap before
{Heap before GC invocations=51 (full 0):
 garbage-first heap   total 312320K, used 245309K [0x0000000080000000, 0x0000000100000000)
  region size 1024K, 80 young (81920K), 2 survivors (2048K)
 Metaspace       used 117122K, committed 117888K, reserved 1155072K
  class space    used 16099K, committed 16448K, reserved 1048576K
}
Event: 43.482 GC heap after
{Heap after GC invocations=52 (full 0):
 garbage-first heap   total 312320K, used 180224K [0x0000000080000000, 0x0000000100000000)
  region size 1024K, 10 young (10240K), 10 survivors (10240K)
 Metaspace       used 117122K, committed 117888K, reserved 1155072K
  class space    used 16099K, committed 16448K, reserved 1048576K
}
Event: 43.632 GC heap before
{Heap before GC invocations=52 (full 0):
 garbage-first heap   total 409600K, used 248832K [0x0000000080000000, 0x0000000100000000)
  region size 1024K, 78 young (79872K), 10 survivors (10240K)
 Metaspace       used 118213K, committed 119040K, reserved 1155072K
  class space    used 16251K, committed 16640K, reserved 1048576K
}
Event: 43.646 GC heap after
{Heap after GC invocations=53 (full 0):
 garbage-first heap   total 409600K, used 191447K [0x0000000080000000, 0x0000000100000000)
  region size 1024K, 10 young (10240K), 10 survivors (10240K)
 Metaspace       used 118213K, committed 119040K, reserved 1155072K
  class space    used 16251K, committed 16640K, reserved 1048576K
}
Event: 43.818 GC heap before
{Heap before GC invocations=54 (full 0):
 garbage-first heap   total 409600K, used 314327K [0x0000000080000000, 0x0000000100000000)
  region size 1024K, 130 young (133120K), 10 survivors (10240K)
 Metaspace       used 120268K, committed 121024K, reserved 1155072K
  class space    used 16650K, committed 17024K, reserved 1048576K
}
Event: 43.837 GC heap after
{Heap after GC invocations=55 (full 0):
 garbage-first heap   total 409600K, used 211754K [0x0000000080000000, 0x0000000100000000)
  region size 1024K, 17 young (17408K), 17 survivors (17408K)
 Metaspace       used 120268K, committed 121024K, reserved 1155072K
  class space    used 16650K, committed 17024K, reserved 1048576K
}
Event: 43.841 GC heap before
{Heap before GC invocations=55 (full 0):
 garbage-first heap   total 409600K, used 214826K [0x0000000080000000, 0x0000000100000000)
  region size 1024K, 20 young (20480K), 17 survivors (17408K)
 Metaspace       used 120331K, committed 121088K, reserved 1155072K
  class space    used 16659K, committed 17024K, reserved 1048576K
}

