# JRE version: OpenJDK Runtime Environment (17.0.6) (build 17.0.6+0-b2043.56-9586694)
# Java VM: OpenJDK 64-Bit Server VM (17.0.6+0-b2043.56-9586694, mixed mode, tiered, compressed oops, compressed class ptrs, g1 gc, windows-amd64)
GC Precious Log:
 CPUs: 12 total, 12 available
 Memory: 16221M
 Large Page Support: Disabled
 NUMA Support: Disabled
 Compressed Oops: Enabled (32-bit)
 Heap Region Size: 1M
 Heap Min Capacity: 8M
 Heap Initial Capacity: 254M
 Heap Max Capacity: 2G
 Pre-touch: Disabled
 Parallel Workers: 10
 Concurrent Workers: 3
 Concurrent Refinement Workers: 10
 Periodic GC: Disabled
Heap:
 garbage-first heap   total 402432K, used 219112K [0x0000000080000000, 0x0000000100000000)
  region size 1024K, 9 young (9216K), 9 survivors (9216K)
 Metaspace       used 119010K, committed 119872K, reserved 1155072K
  class space    used 16982K, committed 17408K, reserved 1048576K
GC Heap History (20 events):
Event: 9.859 GC heap after
{Heap after GC invocations=30 (full 0):
 garbage-first heap   total 191488K, used 100605K [0x0000000080000000, 0x0000000100000000)
  region size 1024K, 5 young (5120K), 5 survivors (5120K)
 Metaspace       used 94879K, committed 95616K, reserved 1138688K
  class space    used 13119K, committed 13440K, reserved 1048576K
}
Event: 9.904 GC heap before
{Heap before GC invocations=30 (full 0):
 garbage-first heap   total 191488K, used 103677K [0x0000000080000000, 0x0000000100000000)
  region size 1024K, 9 young (9216K), 5 survivors (5120K)
 Metaspace       used 94879K, committed 95616K, reserved 1138688K
  class space    used 13119K, committed 13440K, reserved 1048576K
}
Event: 9.906 GC heap after
{Heap after GC invocations=31 (full 0):
 garbage-first heap   total 191488K, used 100341K [0x0000000080000000, 0x0000000100000000)
  region size 1024K, 1 young (1024K), 1 survivors (1024K)
 Metaspace       used 94879K, committed 95616K, reserved 1138688K
  class space    used 13119K, committed 13440K, reserved 1048576K
}
Event: 10.123 GC heap before
{Heap before GC invocations=31 (full 0):
 garbage-first heap   total 191488K, used 153589K [0x0000000080000000, 0x0000000100000000)
  region size 1024K, 54 young (55296K), 1 survivors (1024K)
 Metaspace       used 95257K, committed 95936K, reserved 1138688K
  class space    used 13149K, committed 13504K, reserved 1048576K
}
Event: 10.127 GC heap after
{Heap after GC invocations=32 (full 0):
 garbage-first heap   total 402432K, used 104007K [0x0000000080000000, 0x0000000100000000)
  region size 1024K, 5 young (5120K), 5 survivors (5120K)
 Metaspace       used 95257K, committed 95936K, reserved 1138688K
  class space    used 13149K, committed 13504K, reserved 1048576K
}
Event: 11.126 GC heap before
{Heap before GC invocations=32 (full 0):
 garbage-first heap   total 402432K, used 313927K [0x0000000080000000, 0x0000000100000000)
  region size 1024K, 211 young (216064K), 5 survivors (5120K)
 Metaspace       used 100634K, committed 101312K, reserved 1138688K
  class space    used 13785K, committed 14080K, reserved 1048576K
}
Event: 11.133 GC heap after
{Heap after GC invocations=33 (full 0):
 garbage-first heap   total 402432K, used 111273K [0x0000000080000000, 0x0000000100000000)
  region size 1024K, 12 young (12288K), 12 survivors (12288K)
 Metaspace       used 100634K, committed 101312K, reserved 1138688K
  class space    used 13785K, committed 14080K, reserved 1048576K
}
Event: 11.573 GC heap before
{Heap before GC invocations=33 (full 0):
 garbage-first heap   total 402432K, used 314025K [0x0000000080000000, 0x0000000100000000)
  region size 1024K, 211 young (216064K), 12 survivors (12288K)
 Metaspace       used 100922K, committed 101632K, reserved 1138688K
  class space    used 13804K, committed 14144K, reserved 1048576K
}
Event: 11.579 GC heap after
{Heap after GC invocations=34 (full 0):
 garbage-first heap   total 402432K, used 112468K [0x0000000080000000, 0x0000000100000000)
  region size 1024K, 13 young (13312K), 13 survivors (13312K)
 Metaspace       used 100922K, committed 101632K, reserved 1138688K
  class space    used 13804K, committed 14144K, reserved 1048576K
}
Event: 12.334 GC heap before
{Heap before GC invocations=34 (full 0):
 garbage-first heap   total 402432K, used 325460K [0x0000000080000000, 0x0000000100000000)
  region size 1024K, 222 young (227328K), 13 survivors (13312K)
 Metaspace       used 106756K, committed 107456K, reserved 1146880K
  class space    used 14737K, committed 15040K, reserved 1048576K
}
Event: 12.348 GC heap after
{Heap after GC invocations=35 (full 0):
 garbage-first heap   total 402432K, used 136597K [0x0000000080000000, 0x0000000100000000)
  region size 1024K, 28 young (28672K), 28 survivors (28672K)
 Metaspace       used 106756K, committed 107456K, reserved 1146880K
  class space    used 14737K, committed 15040K, reserved 1048576K
}
Event: 12.688 GC heap before
{Heap before GC invocations=35 (full 0):
 garbage-first heap   total 402432K, used 317845K [0x0000000080000000, 0x0000000100000000)
  region size 1024K, 206 young (210944K), 28 survivors (28672K)
 Metaspace       used 111286K, committed 112000K, reserved 1146880K
  class space    used 15582K, committed 15936K, reserved 1048576K
}
Event: 12.717 GC heap after
{Heap after GC invocations=36 (full 0):
 garbage-first heap   total 402432K, used 166620K [0x0000000080000000, 0x0000000100000000)
  region size 1024K, 26 young (26624K), 26 survivors (26624K)
 Metaspace       used 111286K, committed 112000K, reserved 1146880K
  class space    used 15582K, committed 15936K, reserved 1048576K
}
Event: 12.843 GC heap before
{Heap before GC invocations=36 (full 0):
 garbage-first heap   total 402432K, used 314076K [0x0000000080000000, 0x0000000100000000)
  region size 1024K, 170 young (174080K), 26 survivors (26624K)
 Metaspace       used 112686K, committed 113408K, reserved 1146880K
  class space    used 15841K, committed 16192K, reserved 1048576K
}
Event: 12.868 GC heap after
{Heap after GC invocations=37 (full 0):
 garbage-first heap   total 402432K, used 191380K [0x0000000080000000, 0x0000000100000000)
  region size 1024K, 22 young (22528K), 22 survivors (22528K)
 Metaspace       used 112686K, committed 113408K, reserved 1146880K
  class space    used 15841K, committed 16192K, reserved 1048576K
}
Event: 13.125 GC heap before
{Heap before GC invocations=37 (full 0):
 garbage-first heap   total 402432K, used 317332K [0x0000000080000000, 0x0000000100000000)
  region size 1024K, 146 young (149504K), 22 survivors (22528K)
 Metaspace       used 116498K, committed 117312K, reserved 1155072K
  class space    used 16620K, committed 17024K, reserved 1048576K
}
Event: 13.146 GC heap after
{Heap after GC invocations=38 (full 0):
 garbage-first heap   total 402432K, used 210380K [0x0000000080000000, 0x0000000100000000)
  region size 1024K, 16 young (16384K), 16 survivors (16384K)
 Metaspace       used 116498K, committed 117312K, reserved 1155072K
  class space    used 16620K, committed 17024K, reserved 1048576K
}
Event: 13.400 GC heap before
{Heap before GC invocations=38 (full 0):
 garbage-first heap   total 402432K, used 324044K [0x0000000080000000, 0x0000000100000000)
  region size 1024K, 127 young (130048K), 16 survivors (16384K)
 Metaspace       used 118640K, committed 119424K, reserved 1155072K
  class space    used 16965K, committed 17344K, reserved 1048576K
}
Event: 13.414 GC heap after
{Heap after GC invocations=39 (full 0):
 garbage-first heap   total 402432K, used 216388K [0x0000000080000000, 0x0000000100000000)
  region size 1024K, 7 young (7168K), 7 survivors (7168K)
 Metaspace       used 118640K, committed 119424K, reserved 1155072K
  class space    used 16965K, committed 17344K, reserved 1048576K
}
Event: 13.615 GC heap before
{Heap before GC invocations=39 (full 0):
 garbage-first heap   total 402432K, used 328004K [0x0000000080000000, 0x0000000100000000)
  region size 1024K, 117 young (119808K), 7 survivors (7168K)
 Metaspace       used 119010K, committed 119872K, reserved 1155072K
  class space    used 16982K, committed 17408K, reserved 1048576K
}

