# JRE version: OpenJDK Runtime Environment (17.0.6) (build 17.0.6+0-b2043.56-9586694)
# Java VM: OpenJDK 64-Bit Server VM (17.0.6+0-b2043.56-9586694, mixed mode, tiered, compressed oops, compressed class ptrs, g1 gc, windows-amd64)
GC Precious Log:
 CPUs: 12 total, 12 available
 Memory: 16221M
 Large Page Support: Disabled
 NUMA Support: Disabled
 Compressed Oops: Enabled (32-bit)
 Heap Region Size: 1M
 Heap Min Capacity: 8M
 Heap Initial Capacity: 254M
 Heap Max Capacity: 2G
 Pre-touch: Disabled
 Parallel Workers: 10
 Concurrent Workers: 3
 Concurrent Refinement Workers: 10
 Periodic GC: Disabled
Heap:
 garbage-first heap   total 260096K, used 103145K [0x0000000080000000, 0x0000000100000000)
  region size 1024K, 5 young (5120K), 5 survivors (5120K)
 Metaspace       used 97035K, committed 97728K, reserved 1138688K
  class space    used 13325K, committed 13696K, reserved 1048576K
GC Heap History (20 events):
Event: 7.493 GC heap after
{Heap after GC invocations=34 (full 0):
 garbage-first heap   total 122880K, used 63707K [0x0000000080000000, 0x0000000100000000)
  region size 1024K, 1 young (1024K), 1 survivors (1024K)
 Metaspace       used 70450K, committed 70976K, reserved 1114112K
  class space    used 9361K, committed 9600K, reserved 1048576K
}
Event: 7.838 GC heap before
{Heap before GC invocations=34 (full 0):
 garbage-first heap   total 122880K, used 97499K [0x0000000080000000, 0x0000000100000000)
  region size 1024K, 34 young (34816K), 1 survivors (1024K)
 Metaspace       used 74496K, committed 74944K, reserved 1114112K
  class space    used 9896K, committed 10112K, reserved 1048576K
}
Event: 7.840 GC heap after
{Heap after GC invocations=35 (full 0):
 garbage-first heap   total 122880K, used 66373K [0x0000000080000000, 0x0000000100000000)
  region size 1024K, 3 young (3072K), 3 survivors (3072K)
 Metaspace       used 74496K, committed 74944K, reserved 1114112K
  class space    used 9896K, committed 10112K, reserved 1048576K
}
Event: 8.043 GC heap before
{Heap before GC invocations=36 (full 0):
 garbage-first heap   total 122880K, used 99141K [0x0000000080000000, 0x0000000100000000)
  region size 1024K, 35 young (35840K), 3 survivors (3072K)
 Metaspace       used 74968K, committed 75520K, reserved 1114112K
  class space    used 9974K, committed 10240K, reserved 1048576K
}
Event: 8.047 GC heap after
{Heap after GC invocations=37 (full 0):
 garbage-first heap   total 122880K, used 69127K [0x0000000080000000, 0x0000000100000000)
  region size 1024K, 3 young (3072K), 3 survivors (3072K)
 Metaspace       used 74968K, committed 75520K, reserved 1114112K
  class space    used 9974K, committed 10240K, reserved 1048576K
}
Event: 8.350 GC heap before
{Heap before GC invocations=37 (full 0):
 garbage-first heap   total 122880K, used 99847K [0x0000000080000000, 0x0000000100000000)
  region size 1024K, 33 young (33792K), 3 survivors (3072K)
 Metaspace       used 77969K, committed 78528K, reserved 1122304K
  class space    used 10486K, committed 10752K, reserved 1048576K
}
Event: 8.353 GC heap after
{Heap after GC invocations=38 (full 0):
 garbage-first heap   total 174080K, used 71464K [0x0000000080000000, 0x0000000100000000)
  region size 1024K, 5 young (5120K), 5 survivors (5120K)
 Metaspace       used 77969K, committed 78528K, reserved 1122304K
  class space    used 10486K, committed 10752K, reserved 1048576K
}
Event: 9.273 GC heap before
{Heap before GC invocations=39 (full 0):
 garbage-first heap   total 174080K, used 140072K [0x0000000080000000, 0x0000000100000000)
  region size 1024K, 72 young (73728K), 5 survivors (5120K)
 Metaspace       used 84817K, committed 85376K, reserved 1130496K
  class space    used 11558K, committed 11776K, reserved 1048576K
}
Event: 9.279 GC heap after
{Heap after GC invocations=40 (full 0):
 garbage-first heap   total 174080K, used 76776K [0x0000000080000000, 0x0000000100000000)
  region size 1024K, 8 young (8192K), 8 survivors (8192K)
 Metaspace       used 84817K, committed 85376K, reserved 1130496K
  class space    used 11558K, committed 11776K, reserved 1048576K
}
Event: 9.289 GC heap before
{Heap before GC invocations=40 (full 0):
 garbage-first heap   total 174080K, used 77800K [0x0000000080000000, 0x0000000100000000)
  region size 1024K, 9 young (9216K), 8 survivors (8192K)
 Metaspace       used 84887K, committed 85504K, reserved 1130496K
  class space    used 11571K, committed 11840K, reserved 1048576K
}
Event: 9.295 GC heap after
{Heap after GC invocations=41 (full 0):
 garbage-first heap   total 174080K, used 77178K [0x0000000080000000, 0x0000000100000000)
  region size 1024K, 2 young (2048K), 2 survivors (2048K)
 Metaspace       used 84887K, committed 85504K, reserved 1130496K
  class space    used 11571K, committed 11840K, reserved 1048576K
}
Event: 9.982 GC heap before
{Heap before GC invocations=41 (full 0):
 garbage-first heap   total 174080K, used 137594K [0x0000000080000000, 0x0000000100000000)
  region size 1024K, 61 young (62464K), 2 survivors (2048K)
 Metaspace       used 91462K, committed 92160K, reserved 1130496K
  class space    used 12499K, committed 12864K, reserved 1048576K
}
Event: 9.985 GC heap after
{Heap after GC invocations=42 (full 0):
 garbage-first heap   total 174080K, used 81015K [0x0000000080000000, 0x0000000100000000)
  region size 1024K, 5 young (5120K), 5 survivors (5120K)
 Metaspace       used 91462K, committed 92160K, reserved 1130496K
  class space    used 12499K, committed 12864K, reserved 1048576K
}
Event: 10.329 GC heap before
{Heap before GC invocations=42 (full 0):
 garbage-first heap   total 174080K, used 140407K [0x0000000080000000, 0x0000000100000000)
  region size 1024K, 63 young (64512K), 5 survivors (5120K)
 Metaspace       used 92412K, committed 93056K, reserved 1130496K
  class space    used 12656K, committed 12992K, reserved 1048576K
}
Event: 10.335 GC heap after
{Heap after GC invocations=43 (full 0):
 garbage-first heap   total 174080K, used 89244K [0x0000000080000000, 0x0000000100000000)
  region size 1024K, 8 young (8192K), 8 survivors (8192K)
 Metaspace       used 92412K, committed 93056K, reserved 1130496K
  class space    used 12656K, committed 12992K, reserved 1048576K
}
Event: 10.802 GC heap before
{Heap before GC invocations=43 (full 0):
 garbage-first heap   total 174080K, used 138396K [0x0000000080000000, 0x0000000100000000)
  region size 1024K, 57 young (58368K), 8 survivors (8192K)
 Metaspace       used 96419K, committed 97152K, reserved 1138688K
  class space    used 13275K, committed 13632K, reserved 1048576K
}
Event: 10.809 GC heap after
{Heap after GC invocations=44 (full 0):
 garbage-first heap   total 174080K, used 95608K [0x0000000080000000, 0x0000000100000000)
  region size 1024K, 6 young (6144K), 6 survivors (6144K)
 Metaspace       used 96419K, committed 97152K, reserved 1138688K
  class space    used 13275K, committed 13632K, reserved 1048576K
}
Event: 10.957 GC heap before
{Heap before GC invocations=44 (full 0):
 garbage-first heap   total 174080K, used 140664K [0x0000000080000000, 0x0000000100000000)
  region size 1024K, 51 young (52224K), 6 survivors (6144K)
 Metaspace       used 96634K, committed 97280K, reserved 1138688K
  class space    used 13289K, committed 13632K, reserved 1048576K
}
Event: 10.962 GC heap after
{Heap after GC invocations=45 (full 0):
 garbage-first heap   total 174080K, used 99592K [0x0000000080000000, 0x0000000100000000)
  region size 1024K, 5 young (5120K), 5 survivors (5120K)
 Metaspace       used 96634K, committed 97280K, reserved 1138688K
  class space    used 13289K, committed 13632K, reserved 1048576K
}
Event: 11.222 GC heap before
{Heap before GC invocations=45 (full 0):
 garbage-first heap   total 174080K, used 141576K [0x0000000080000000, 0x0000000100000000)
  region size 1024K, 47 young (48128K), 5 survivors (5120K)
 Metaspace       used 97035K, committed 97728K, reserved 1138688K
  class space    used 13325K, committed 13696K, reserved 1048576K
}

