# JRE version: OpenJDK Runtime Environment (17.0.6) (build 17.0.6+0-b2043.56-9586694)
# Java VM: OpenJDK 64-Bit Server VM (17.0.6+0-b2043.56-9586694, mixed mode, tiered, compressed oops, compressed class ptrs, g1 gc, windows-amd64)
GC Precious Log:
 CPUs: 12 total, 12 available
 Memory: 16221M
 Large Page Support: Disabled
 NUMA Support: Disabled
 Compressed Oops: Enabled (32-bit)
 Heap Region Size: 1M
 Heap Min Capacity: 8M
 Heap Initial Capacity: 254M
 Heap Max Capacity: 2G
 Pre-touch: Disabled
 Parallel Workers: 10
 Concurrent Workers: 3
 Concurrent Refinement Workers: 10
 Periodic GC: Disabled
Heap:
 garbage-first heap   total 406528K, used 323186K [0x0000000080000000, 0x0000000100000000)
  region size 1024K, 63 young (64512K), 12 survivors (12288K)
 Metaspace       used 126978K, committed 128128K, reserved 1163264K
  class space    used 17226K, committed 17792K, reserved 1048576K
GC Heap History (20 events):
Event: 12.639 GC heap before
{Heap before GC invocations=51 (full 0):
 garbage-first heap   total 348160K, used 276583K [0x0000000080000000, 0x0000000100000000)
  region size 1024K, 81 young (82944K), 8 survivors (8192K)
 Metaspace       used 109470K, committed 110464K, reserved 1146880K
  class space    used 14764K, committed 15232K, reserved 1048576K
}
Event: 12.645 GC heap after
{Heap after GC invocations=52 (full 0):
 garbage-first heap   total 348160K, used 207932K [0x0000000080000000, 0x0000000100000000)
  region size 1024K, 7 young (7168K), 7 survivors (7168K)
 Metaspace       used 109470K, committed 110464K, reserved 1146880K
  class space    used 14764K, committed 15232K, reserved 1048576K
}
Event: 12.733 GC heap before
{Heap before GC invocations=52 (full 0):
 garbage-first heap   total 348160K, used 217148K [0x0000000080000000, 0x0000000100000000)
  region size 1024K, 17 young (17408K), 7 survivors (7168K)
 Metaspace       used 110258K, committed 111168K, reserved 1146880K
  class space    used 14845K, committed 15296K, reserved 1048576K
}
Event: 12.738 GC heap after
{Heap after GC invocations=53 (full 0):
 garbage-first heap   total 348160K, used 208337K [0x0000000080000000, 0x0000000100000000)
  region size 1024K, 2 young (2048K), 2 survivors (2048K)
 Metaspace       used 110258K, committed 111168K, reserved 1146880K
  class space    used 14845K, committed 15296K, reserved 1048576K
}
Event: 39.789 GC heap before
{Heap before GC invocations=53 (full 0):
 garbage-first heap   total 348160K, used 290257K [0x0000000080000000, 0x0000000100000000)
  region size 1024K, 83 young (84992K), 2 survivors (2048K)
 Metaspace       used 113762K, committed 114752K, reserved 1155072K
  class space    used 15314K, committed 15808K, reserved 1048576K
}
Event: 39.796 GC heap after
{Heap after GC invocations=54 (full 0):
 garbage-first heap   total 348160K, used 215988K [0x0000000080000000, 0x0000000100000000)
  region size 1024K, 10 young (10240K), 10 survivors (10240K)
 Metaspace       used 113762K, committed 114752K, reserved 1155072K
  class space    used 15314K, committed 15808K, reserved 1048576K
}
Event: 40.321 GC heap before
{Heap before GC invocations=54 (full 0):
 garbage-first heap   total 348160K, used 290740K [0x0000000080000000, 0x0000000100000000)
  region size 1024K, 83 young (84992K), 10 survivors (10240K)
 Metaspace       used 115373K, committed 116480K, reserved 1155072K
  class space    used 15524K, committed 16064K, reserved 1048576K
}
Event: 40.333 GC heap after
{Heap after GC invocations=55 (full 0):
 garbage-first heap   total 348160K, used 227149K [0x0000000080000000, 0x0000000100000000)
  region size 1024K, 11 young (11264K), 11 survivors (11264K)
 Metaspace       used 115373K, committed 116480K, reserved 1155072K
  class space    used 15524K, committed 16064K, reserved 1048576K
}
Event: 40.604 GC heap before
{Heap before GC invocations=55 (full 0):
 garbage-first heap   total 348160K, used 277325K [0x0000000080000000, 0x0000000100000000)
  region size 1024K, 62 young (63488K), 11 survivors (11264K)
 Metaspace       used 115606K, committed 116672K, reserved 1155072K
  class space    used 15553K, committed 16064K, reserved 1048576K
}
Event: 40.611 GC heap after
{Heap after GC invocations=56 (full 0):
 garbage-first heap   total 348160K, used 233447K [0x0000000080000000, 0x0000000100000000)
  region size 1024K, 6 young (6144K), 6 survivors (6144K)
 Metaspace       used 115606K, committed 116672K, reserved 1155072K
  class space    used 15553K, committed 16064K, reserved 1048576K
}
Event: 40.933 GC heap before
{Heap before GC invocations=57 (full 0):
 garbage-first heap   total 406528K, used 289767K [0x0000000080000000, 0x0000000100000000)
  region size 1024K, 60 young (61440K), 6 survivors (6144K)
 Metaspace       used 119106K, committed 120256K, reserved 1155072K
  class space    used 16029K, committed 16640K, reserved 1048576K
}
Event: 40.938 GC heap after
{Heap after GC invocations=58 (full 0):
 garbage-first heap   total 406528K, used 237437K [0x0000000080000000, 0x0000000100000000)
  region size 1024K, 4 young (4096K), 4 survivors (4096K)
 Metaspace       used 119106K, committed 120256K, reserved 1155072K
  class space    used 16029K, committed 16640K, reserved 1048576K
}
Event: 41.080 GC heap before
{Heap before GC invocations=58 (full 0):
 garbage-first heap   total 406528K, used 251773K [0x0000000080000000, 0x0000000100000000)
  region size 1024K, 19 young (19456K), 4 survivors (4096K)
 Metaspace       used 119767K, committed 120960K, reserved 1155072K
  class space    used 16092K, committed 16704K, reserved 1048576K
}
Event: 41.085 GC heap after
{Heap after GC invocations=59 (full 0):
 garbage-first heap   total 406528K, used 233765K [0x0000000080000000, 0x0000000100000000)
  region size 1024K, 2 young (2048K), 2 survivors (2048K)
 Metaspace       used 119767K, committed 120960K, reserved 1155072K
  class space    used 16092K, committed 16704K, reserved 1048576K
}
Event: 41.494 GC heap before
{Heap before GC invocations=59 (full 0):
 garbage-first heap   total 406528K, used 338213K [0x0000000080000000, 0x0000000100000000)
  region size 1024K, 105 young (107520K), 2 survivors (2048K)
 Metaspace       used 121202K, committed 122304K, reserved 1155072K
  class space    used 16283K, committed 16832K, reserved 1048576K
}
Event: 41.500 GC heap after
{Heap after GC invocations=60 (full 0):
 garbage-first heap   total 406528K, used 242719K [0x0000000080000000, 0x0000000100000000)
  region size 1024K, 11 young (11264K), 11 survivors (11264K)
 Metaspace       used 121202K, committed 122304K, reserved 1155072K
  class space    used 16283K, committed 16832K, reserved 1048576K
}
Event: 41.579 GC heap before
{Heap before GC invocations=60 (full 0):
 garbage-first heap   total 406528K, used 336927K [0x0000000080000000, 0x0000000100000000)
  region size 1024K, 104 young (106496K), 11 survivors (11264K)
 Metaspace       used 122257K, committed 123392K, reserved 1155072K
  class space    used 16446K, committed 17024K, reserved 1048576K
}
Event: 41.586 GC heap after
{Heap after GC invocations=61 (full 0):
 garbage-first heap   total 406528K, used 256901K [0x0000000080000000, 0x0000000100000000)
  region size 1024K, 13 young (13312K), 13 survivors (13312K)
 Metaspace       used 122257K, committed 123392K, reserved 1155072K
  class space    used 16446K, committed 17024K, reserved 1048576K
}
Event: 41.902 GC heap before
{Heap before GC invocations=61 (full 0):
 garbage-first heap   total 406528K, used 337797K [0x0000000080000000, 0x0000000100000000)
  region size 1024K, 93 young (95232K), 13 survivors (13312K)
 Metaspace       used 126279K, committed 127424K, reserved 1163264K
  class space    used 17078K, committed 17664K, reserved 1048576K
}
Event: 41.913 GC heap after
{Heap after GC invocations=62 (full 0):
 garbage-first heap   total 406528K, used 271986K [0x0000000080000000, 0x0000000100000000)
  region size 1024K, 12 young (12288K), 12 survivors (12288K)
 Metaspace       used 126279K, committed 127424K, reserved 1163264K
  class space    used 17078K, committed 17664K, reserved 1048576K
}

